Determining if the pthread_create exist failed with the following output:
Change Dir: /home/pc-proyecto/Manipulacion/catkin_ws/build/kuka_lbr_iiwa_support/CMakeFiles/CMakeTmp

Run Build Command:"/usr/bin/make" "cmTC_1f4e2/fast"
/usr/bin/make -f CMakeFiles/cmTC_1f4e2.dir/build.make CMakeFiles/cmTC_1f4e2.dir/build
make[1]: se entra en el directorio '/home/pc-proyecto/Manipulacion/catkin_ws/build/kuka_lbr_iiwa_support/CMakeFiles/CMakeTmp'
Building C object CMakeFiles/cmTC_1f4e2.dir/CheckSymbolExists.c.o
/usr/bin/cc    -o CMakeFiles/cmTC_1f4e2.dir/CheckSymbolExists.c.o   -c /home/pc-proyecto/Manipulacion/catkin_ws/build/kuka_lbr_iiwa_support/CMakeFiles/CMakeTmp/CheckSymbolExists.c
Linking C executable cmTC_1f4e2
/usr/bin/cmake -E cmake_link_script CMakeFiles/cmTC_1f4e2.dir/link.txt --verbose=1
/usr/bin/cc      -rdynamic CMakeFiles/cmTC_1f4e2.dir/CheckSymbolExists.c.o  -o cmTC_1f4e2 
CMakeFiles/cmTC_1f4e2.dir/CheckSymbolExists.c.o: En la función `main':
CheckSymbolExists.c:(.text+0x1b): referencia a `pthread_create' sin definir
collect2: error: ld returned 1 exit status
CMakeFiles/cmTC_1f4e2.dir/build.make:97: fallo en las instrucciones para el objetivo 'cmTC_1f4e2'
make[1]: *** [cmTC_1f4e2] Error 1
make[1]: se sale del directorio '/home/pc-proyecto/Manipulacion/catkin_ws/build/kuka_lbr_iiwa_support/CMakeFiles/CMakeTmp'
Makefile:126: fallo en las instrucciones para el objetivo 'cmTC_1f4e2/fast'
make: *** [cmTC_1f4e2/fast] Error 2

File /home/pc-proyecto/Manipulacion/catkin_ws/build/kuka_lbr_iiwa_support/CMakeFiles/CMakeTmp/CheckSymbolExists.c:
/* */
#include <pthread.h>

int main(int argc, char** argv)
{
  (void)argv;
#ifndef pthread_create
  return ((int*)(&pthread_create))[argc];
#else
  (void)argc;
  return 0;
#endif
}

Determining if the function pthread_create exists in the pthreads failed with the following output:
Change Dir: /home/pc-proyecto/Manipulacion/catkin_ws/build/kuka_lbr_iiwa_support/CMakeFiles/CMakeTmp

Run Build Command:"/usr/bin/make" "cmTC_abaa3/fast"
/usr/bin/make -f CMakeFiles/cmTC_abaa3.dir/build.make CMakeFiles/cmTC_abaa3.dir/build
make[1]: se entra en el directorio '/home/pc-proyecto/Manipulacion/catkin_ws/build/kuka_lbr_iiwa_support/CMakeFiles/CMakeTmp'
Building C object CMakeFiles/cmTC_abaa3.dir/CheckFunctionExists.c.o
/usr/bin/cc   -DCHECK_FUNCTION_EXISTS=pthread_create   -o CMakeFiles/cmTC_abaa3.dir/CheckFunctionExists.c.o   -c /usr/share/cmake-3.10/Modules/CheckFunctionExists.c
Linking C executable cmTC_abaa3
/usr/bin/cmake -E cmake_link_script CMakeFiles/cmTC_abaa3.dir/link.txt --verbose=1
/usr/bin/cc  -DCHECK_FUNCTION_EXISTS=pthread_create    -rdynamic CMakeFiles/cmTC_abaa3.dir/CheckFunctionExists.c.o  -o cmTC_abaa3 -lpthreads 
/usr/bin/ld: no se puede encontrar -lpthreads
collect2: error: ld returned 1 exit status
CMakeFiles/cmTC_abaa3.dir/build.make:97: fallo en las instrucciones para el objetivo 'cmTC_abaa3'
make[1]: *** [cmTC_abaa3] Error 1
make[1]: se sale del directorio '/home/pc-proyecto/Manipulacion/catkin_ws/build/kuka_lbr_iiwa_support/CMakeFiles/CMakeTmp'
Makefile:126: fallo en las instrucciones para el objetivo 'cmTC_abaa3/fast'
make: *** [cmTC_abaa3/fast] Error 2


