[35m[1mScanning dependencies of target sensor_msgs_generate_messages_lisp[0m
[  0%] Built target sensor_msgs_generate_messages_lisp
[35m[1mScanning dependencies of target _find_object_2d_generate_messages_check_deps_DetectionInfo[0m
[  0%] Built target _find_object_2d_generate_messages_check_deps_DetectionInfo
[35m[1mScanning dependencies of target _find_object_2d_generate_messages_check_deps_ObjectsStamped[0m
[  0%] Built target _find_object_2d_generate_messages_check_deps_ObjectsStamped
[35m[1mScanning dependencies of target std_msgs_generate_messages_lisp[0m
[  0%] Built target std_msgs_generate_messages_lisp
[35m[1mScanning dependencies of target std_msgs_generate_messages_cpp[0m
[  0%] Built target std_msgs_generate_messages_cpp
[35m[1mScanning dependencies of target sensor_msgs_generate_messages_cpp[0m
[  0%] Built target sensor_msgs_generate_messages_cpp
[35m[1mScanning dependencies of target sensor_msgs_generate_messages_nodejs[0m
[35m[1mScanning dependencies of target std_msgs_generate_messages_nodejs[0m
[  0%] Built target sensor_msgs_generate_messages_nodejs
[  0%] Built target std_msgs_generate_messages_nodejs
[35m[1mScanning dependencies of target std_msgs_generate_messages_py[0m
[  0%] Built target std_msgs_generate_messages_py
[35m[1mScanning dependencies of target sensor_msgs_generate_messages_py[0m
[  0%] Built target sensor_msgs_generate_messages_py
[35m[1mScanning dependencies of target std_msgs_generate_messages_eus[0m
[35m[1mScanning dependencies of target sensor_msgs_generate_messages_eus[0m
[  0%] Built target std_msgs_generate_messages_eus
[  0%] Built target sensor_msgs_generate_messages_eus
[35m[1mScanning dependencies of target find_object_2d_generate_messages_lisp[0m
[35m[1mScanning dependencies of target find_object_2d_generate_messages_cpp[0m
[  1%] [34m[1mGenerating Lisp code from find_object_2d/ObjectsStamped.msg[0m
[  2%] [34m[1mGenerating C++ code from find_object_2d/ObjectsStamped.msg[0m
[  3%] [34m[1mGenerating Lisp code from find_object_2d/DetectionInfo.msg[0m
[  3%] Built target find_object_2d_generate_messages_lisp
[35m[1mScanning dependencies of target find_object_2d_generate_messages_nodejs[0m
[  5%] [34m[1mGenerating Javascript code from find_object_2d/ObjectsStamped.msg[0m
[  6%] [34m[1mGenerating C++ code from find_object_2d/DetectionInfo.msg[0m
[  7%] [34m[1mGenerating Javascript code from find_object_2d/DetectionInfo.msg[0m
[  7%] Built target find_object_2d_generate_messages_nodejs
[35m[1mScanning dependencies of target find_object_2d_generate_messages_py[0m
[  8%] [34m[1mGenerating Python from MSG find_object_2d/ObjectsStamped[0m
[  8%] Built target find_object_2d_generate_messages_cpp
[ 10%] [34m[1mGenerating Python from MSG find_object_2d/DetectionInfo[0m
[35m[1mScanning dependencies of target find_object_2d_generate_messages_eus[0m
[ 11%] [34m[1mGenerating EusLisp code from find_object_2d/ObjectsStamped.msg[0m
[ 12%] [34m[1mGenerating Python msg __init__.py for find_object_2d[0m
[ 13%] [34m[1mGenerating EusLisp code from find_object_2d/DetectionInfo.msg[0m
[ 13%] Built target find_object_2d_generate_messages_py
[ 15%] [34m[1mGenerating EusLisp manifest code for find_object_2d[0m
[ 15%] Built target find_object_2d_generate_messages_eus
[35m[1mScanning dependencies of target find_object_2d_generate_messages[0m
[ 15%] Built target find_object_2d_generate_messages
[ 16%] [34m[1mGenerating qrc_resources.cpp[0m
[ 17%] [34m[1mGenerating __/include/find_object/moc_MainWindow.cpp[0m
[ 18%] [34m[1mGenerating __/include/find_object/moc_FindObject.cpp[0m
[ 20%] [34m[1mGenerating __/include/find_object/moc_Camera.cpp[0m
[ 21%] [34m[1mGenerating __/include/find_object/moc_TcpServer.cpp[0m
[ 22%] [34m[1mGenerating __/include/find_object/moc_ObjWidget.cpp[0m
[ 23%] [34m[1mGenerating moc_AddObjectDialog.cpp[0m
[ 25%] [34m[1mGenerating moc_CameraTcpServer.cpp[0m
[ 26%] [34m[1mGenerating moc_ParametersToolBox.cpp[0m
[ 27%] [34m[1mGenerating moc_AboutDialog.cpp[0m
[ 28%] [34m[1mGenerating moc_RectItem.cpp[0m
[ 30%] [34m[1mGenerating moc_ImageDropWidget.cpp[0m
[ 31%] [34m[1mGenerating rtabmap/moc_PdfPlot.cpp[0m
[ 32%] [34m[1mGenerating utilite/moc_UPlot.cpp[0m
[ 33%] [34m[1mGenerating ros/moc_CameraROS.cpp[0m
[ 35%] [34m[1mGenerating ros/moc_FindObjectROS.cpp[0m
[ 36%] [34m[1mGenerating ui_mainWindow.h[0m
[ 37%] [34m[1mGenerating ui_addObjectDialog.h[0m
[ 38%] [34m[1mGenerating ui_aboutDialog.h[0m
[35m[1mScanning dependencies of target find_object[0m
[ 40%] [32mBuilding CXX object src/CMakeFiles/find_object.dir/MainWindow.cpp.o[0m
[ 41%] [32mBuilding CXX object src/CMakeFiles/find_object.dir/AddObjectDialog.cpp.o[0m
[ 42%] [32mBuilding CXX object src/CMakeFiles/find_object.dir/KeypointItem.cpp.o[0m
[ 43%] [32mBuilding CXX object src/CMakeFiles/find_object.dir/RectItem.cpp.o[0m
[ 45%] [32mBuilding CXX object src/CMakeFiles/find_object.dir/QtOpenCV.cpp.o[0m
[ 46%] [32mBuilding CXX object src/CMakeFiles/find_object.dir/Camera.cpp.o[0m
[ 47%] [32mBuilding CXX object src/CMakeFiles/find_object.dir/CameraTcpServer.cpp.o[0m
[35m[1mScanning dependencies of target tf_example[0m
[ 48%] [32mBuilding CXX object src/CMakeFiles/tf_example.dir/ros/tf_example_node.cpp.o[0m
[ 50%] [32mBuilding CXX object src/CMakeFiles/find_object.dir/ParametersToolBox.cpp.o[0m
[ 51%] [32mBuilding CXX object src/CMakeFiles/find_object.dir/Settings.cpp.o[0m
[ 52%] [32m[1mLinking CXX executable /home/pc-proyecto/Manipulacion/catkin_ws/devel/.private/find_object_2d/lib/find_object_2d/tf_example[0m
[ 52%] Built target tf_example
[35m[1mScanning dependencies of target print_objects_detected[0m
[ 53%] [32mBuilding CXX object src/CMakeFiles/print_objects_detected.dir/ros/print_objects_detected_node.cpp.o[0m
[ 55%] [32mBuilding CXX object src/CMakeFiles/find_object.dir/ObjWidget.cpp.o[0m
[ 56%] [32mBuilding CXX object src/CMakeFiles/find_object.dir/ImageDropWidget.cpp.o[0m
[ 57%] [32mBuilding CXX object src/CMakeFiles/find_object.dir/FindObject.cpp.o[0m
[ 58%] [32mBuilding CXX object src/CMakeFiles/find_object.dir/AboutDialog.cpp.o[0m
[ 60%] [32m[1mLinking CXX executable /home/pc-proyecto/Manipulacion/catkin_ws/devel/.private/find_object_2d/lib/find_object_2d/print_objects_detected[0m
[ 61%] [32mBuilding CXX object src/CMakeFiles/find_object.dir/TcpServer.cpp.o[0m
[ 62%] [32mBuilding CXX object src/CMakeFiles/find_object.dir/Vocabulary.cpp.o[0m
[ 62%] Built target print_objects_detected
[ 63%] [32mBuilding CXX object src/CMakeFiles/find_object.dir/JsonWriter.cpp.o[0m
[ 65%] [32mBuilding CXX object src/CMakeFiles/find_object.dir/utilite/ULogger.cpp.o[0m
[ 66%] [32mBuilding CXX object src/CMakeFiles/find_object.dir/utilite/UPlot.cpp.o[0m
[ 67%] [32mBuilding CXX object src/CMakeFiles/find_object.dir/utilite/UDirectory.cpp.o[0m
[ 68%] [32mBuilding CXX object src/CMakeFiles/find_object.dir/utilite/UFile.cpp.o[0m
[ 70%] [32mBuilding CXX object src/CMakeFiles/find_object.dir/utilite/UConversion.cpp.o[0m
[ 71%] [32mBuilding CXX object src/CMakeFiles/find_object.dir/rtabmap/PdfPlot.cpp.o[0m
[ 72%] [32mBuilding CXX object src/CMakeFiles/find_object.dir/json/jsoncpp.cpp.o[0m
[ 73%] [32mBuilding CXX object src/CMakeFiles/find_object.dir/Compression.cpp.o[0m
[ 75%] [32mBuilding CXX object src/CMakeFiles/find_object.dir/__/include/find_object/moc_MainWindow.cpp.o[0m
[ 76%] [32mBuilding CXX object src/CMakeFiles/find_object.dir/__/include/find_object/moc_FindObject.cpp.o[0m
[ 77%] [32mBuilding CXX object src/CMakeFiles/find_object.dir/__/include/find_object/moc_Camera.cpp.o[0m
[ 78%] [32mBuilding CXX object src/CMakeFiles/find_object.dir/__/include/find_object/moc_TcpServer.cpp.o[0m
[ 80%] [32mBuilding CXX object src/CMakeFiles/find_object.dir/__/include/find_object/moc_ObjWidget.cpp.o[0m
[ 81%] [32mBuilding CXX object src/CMakeFiles/find_object.dir/moc_AddObjectDialog.cpp.o[0m
[ 82%] [32mBuilding CXX object src/CMakeFiles/find_object.dir/moc_CameraTcpServer.cpp.o[0m
[ 83%] [32mBuilding CXX object src/CMakeFiles/find_object.dir/moc_ParametersToolBox.cpp.o[0m
[ 85%] [32mBuilding CXX object src/CMakeFiles/find_object.dir/moc_AboutDialog.cpp.o[0m
[ 86%] [32mBuilding CXX object src/CMakeFiles/find_object.dir/moc_RectItem.cpp.o[0m
[ 87%] [32mBuilding CXX object src/CMakeFiles/find_object.dir/moc_ImageDropWidget.cpp.o[0m
[ 88%] [32mBuilding CXX object src/CMakeFiles/find_object.dir/rtabmap/moc_PdfPlot.cpp.o[0m
[ 90%] [32mBuilding CXX object src/CMakeFiles/find_object.dir/utilite/moc_UPlot.cpp.o[0m
[ 91%] [32mBuilding CXX object src/CMakeFiles/find_object.dir/ros/moc_CameraROS.cpp.o[0m
[ 92%] [32mBuilding CXX object src/CMakeFiles/find_object.dir/ros/moc_FindObjectROS.cpp.o[0m
[ 93%] [32mBuilding CXX object src/CMakeFiles/find_object.dir/qrc_resources.cpp.o[0m
[ 95%] [32mBuilding CXX object src/CMakeFiles/find_object.dir/ros/CameraROS.cpp.o[0m
[ 96%] [32mBuilding CXX object src/CMakeFiles/find_object.dir/ros/FindObjectROS.cpp.o[0m
[ 97%] [32m[1mLinking CXX shared library /home/pc-proyecto/Manipulacion/catkin_ws/devel/.private/find_object_2d/lib/libfind_object_2d.so[0m
[ 97%] Built target find_object
[35m[1mScanning dependencies of target find_object_2d[0m
[ 98%] [32mBuilding CXX object src/CMakeFiles/find_object_2d.dir/ros/find_object_2d_node.cpp.o[0m
[100%] [32m[1mLinking CXX executable /home/pc-proyecto/Manipulacion/catkin_ws/devel/.private/find_object_2d/lib/find_object_2d/find_object_2d[0m
[100%] Built target find_object_2d
