Linked: (/home/pc-proyecto/Manipulacion/catkin_ws/devel/.private/find_object_2d/lib/libfind_object_2d.so, /home/pc-proyecto/Manipulacion/catkin_ws/devel/lib/libfind_object_2d.so)
Linked: (/home/pc-proyecto/Manipulacion/catkin_ws/devel/.private/find_object_2d/lib/python2.7/dist-packages/find_object_2d/__init__.py, /home/pc-proyecto/Manipulacion/catkin_ws/devel/lib/python2.7/dist-packages/find_object_2d/__init__.py)
Linked: (/home/pc-proyecto/Manipulacion/catkin_ws/devel/.private/find_object_2d/lib/python2.7/dist-packages/find_object_2d/msg/_ObjectsStamped.py, /home/pc-proyecto/Manipulacion/catkin_ws/devel/lib/python2.7/dist-packages/find_object_2d/msg/_ObjectsStamped.py)
Linked: (/home/pc-proyecto/Manipulacion/catkin_ws/devel/.private/find_object_2d/lib/python2.7/dist-packages/find_object_2d/msg/_DetectionInfo.py, /home/pc-proyecto/Manipulacion/catkin_ws/devel/lib/python2.7/dist-packages/find_object_2d/msg/_DetectionInfo.py)
Linked: (/home/pc-proyecto/Manipulacion/catkin_ws/devel/.private/find_object_2d/lib/python2.7/dist-packages/find_object_2d/msg/__init__.py, /home/pc-proyecto/Manipulacion/catkin_ws/devel/lib/python2.7/dist-packages/find_object_2d/msg/__init__.py)
Linked: (/home/pc-proyecto/Manipulacion/catkin_ws/devel/.private/find_object_2d/lib/pkgconfig/find_object_2d.pc, /home/pc-proyecto/Manipulacion/catkin_ws/devel/lib/pkgconfig/find_object_2d.pc)
Linked: (/home/pc-proyecto/Manipulacion/catkin_ws/devel/.private/find_object_2d/lib/find_object_2d/tf_example, /home/pc-proyecto/Manipulacion/catkin_ws/devel/lib/find_object_2d/tf_example)
Linked: (/home/pc-proyecto/Manipulacion/catkin_ws/devel/.private/find_object_2d/lib/find_object_2d/print_objects_detected, /home/pc-proyecto/Manipulacion/catkin_ws/devel/lib/find_object_2d/print_objects_detected)
Linked: (/home/pc-proyecto/Manipulacion/catkin_ws/devel/.private/find_object_2d/lib/find_object_2d/find_object_2d, /home/pc-proyecto/Manipulacion/catkin_ws/devel/lib/find_object_2d/find_object_2d)
Linked: (/home/pc-proyecto/Manipulacion/catkin_ws/devel/.private/find_object_2d/share/common-lisp/ros/find_object_2d/msg/_package.lisp, /home/pc-proyecto/Manipulacion/catkin_ws/devel/share/common-lisp/ros/find_object_2d/msg/_package.lisp)
Linked: (/home/pc-proyecto/Manipulacion/catkin_ws/devel/.private/find_object_2d/share/common-lisp/ros/find_object_2d/msg/ObjectsStamped.lisp, /home/pc-proyecto/Manipulacion/catkin_ws/devel/share/common-lisp/ros/find_object_2d/msg/ObjectsStamped.lisp)
Linked: (/home/pc-proyecto/Manipulacion/catkin_ws/devel/.private/find_object_2d/share/common-lisp/ros/find_object_2d/msg/DetectionInfo.lisp, /home/pc-proyecto/Manipulacion/catkin_ws/devel/share/common-lisp/ros/find_object_2d/msg/DetectionInfo.lisp)
Linked: (/home/pc-proyecto/Manipulacion/catkin_ws/devel/.private/find_object_2d/share/common-lisp/ros/find_object_2d/msg/_package_DetectionInfo.lisp, /home/pc-proyecto/Manipulacion/catkin_ws/devel/share/common-lisp/ros/find_object_2d/msg/_package_DetectionInfo.lisp)
Linked: (/home/pc-proyecto/Manipulacion/catkin_ws/devel/.private/find_object_2d/share/common-lisp/ros/find_object_2d/msg/find_object_2d-msg.asd, /home/pc-proyecto/Manipulacion/catkin_ws/devel/share/common-lisp/ros/find_object_2d/msg/find_object_2d-msg.asd)
Linked: (/home/pc-proyecto/Manipulacion/catkin_ws/devel/.private/find_object_2d/share/common-lisp/ros/find_object_2d/msg/_package_ObjectsStamped.lisp, /home/pc-proyecto/Manipulacion/catkin_ws/devel/share/common-lisp/ros/find_object_2d/msg/_package_ObjectsStamped.lisp)
Linked: (/home/pc-proyecto/Manipulacion/catkin_ws/devel/.private/find_object_2d/share/roseus/ros/find_object_2d/manifest.l, /home/pc-proyecto/Manipulacion/catkin_ws/devel/share/roseus/ros/find_object_2d/manifest.l)
Linked: (/home/pc-proyecto/Manipulacion/catkin_ws/devel/.private/find_object_2d/share/roseus/ros/find_object_2d/msg/ObjectsStamped.l, /home/pc-proyecto/Manipulacion/catkin_ws/devel/share/roseus/ros/find_object_2d/msg/ObjectsStamped.l)
Linked: (/home/pc-proyecto/Manipulacion/catkin_ws/devel/.private/find_object_2d/share/roseus/ros/find_object_2d/msg/DetectionInfo.l, /home/pc-proyecto/Manipulacion/catkin_ws/devel/share/roseus/ros/find_object_2d/msg/DetectionInfo.l)
Linked: (/home/pc-proyecto/Manipulacion/catkin_ws/devel/.private/find_object_2d/share/gennodejs/ros/find_object_2d/_index.js, /home/pc-proyecto/Manipulacion/catkin_ws/devel/share/gennodejs/ros/find_object_2d/_index.js)
Linked: (/home/pc-proyecto/Manipulacion/catkin_ws/devel/.private/find_object_2d/share/gennodejs/ros/find_object_2d/msg/ObjectsStamped.js, /home/pc-proyecto/Manipulacion/catkin_ws/devel/share/gennodejs/ros/find_object_2d/msg/ObjectsStamped.js)
Linked: (/home/pc-proyecto/Manipulacion/catkin_ws/devel/.private/find_object_2d/share/gennodejs/ros/find_object_2d/msg/_index.js, /home/pc-proyecto/Manipulacion/catkin_ws/devel/share/gennodejs/ros/find_object_2d/msg/_index.js)
Linked: (/home/pc-proyecto/Manipulacion/catkin_ws/devel/.private/find_object_2d/share/gennodejs/ros/find_object_2d/msg/DetectionInfo.js, /home/pc-proyecto/Manipulacion/catkin_ws/devel/share/gennodejs/ros/find_object_2d/msg/DetectionInfo.js)
Linked: (/home/pc-proyecto/Manipulacion/catkin_ws/devel/.private/find_object_2d/share/find_object_2d/cmake/find_object_2d-msg-paths.cmake, /home/pc-proyecto/Manipulacion/catkin_ws/devel/share/find_object_2d/cmake/find_object_2d-msg-paths.cmake)
Linked: (/home/pc-proyecto/Manipulacion/catkin_ws/devel/.private/find_object_2d/share/find_object_2d/cmake/find_object_2d-msg-extras.cmake, /home/pc-proyecto/Manipulacion/catkin_ws/devel/share/find_object_2d/cmake/find_object_2d-msg-extras.cmake)
Linked: (/home/pc-proyecto/Manipulacion/catkin_ws/devel/.private/find_object_2d/share/find_object_2d/cmake/find_object_2dConfig-version.cmake, /home/pc-proyecto/Manipulacion/catkin_ws/devel/share/find_object_2d/cmake/find_object_2dConfig-version.cmake)
Linked: (/home/pc-proyecto/Manipulacion/catkin_ws/devel/.private/find_object_2d/share/find_object_2d/cmake/find_object_2dConfig.cmake, /home/pc-proyecto/Manipulacion/catkin_ws/devel/share/find_object_2d/cmake/find_object_2dConfig.cmake)
Linked: (/home/pc-proyecto/Manipulacion/catkin_ws/devel/.private/find_object_2d/include/find_object_2d/DetectionInfo.h, /home/pc-proyecto/Manipulacion/catkin_ws/devel/include/find_object_2d/DetectionInfo.h)
Linked: (/home/pc-proyecto/Manipulacion/catkin_ws/devel/.private/find_object_2d/include/find_object_2d/ObjectsStamped.h, /home/pc-proyecto/Manipulacion/catkin_ws/devel/include/find_object_2d/ObjectsStamped.h)
