Symlinking /home/pc-proyecto/Manipulacion/catkin_ws/devel/lib/libfind_object_2d.so
Symlinking /home/pc-proyecto/Manipulacion/catkin_ws/devel/lib/python2.7/dist-packages/find_object_2d/__init__.py
Symlinking /home/pc-proyecto/Manipulacion/catkin_ws/devel/lib/python2.7/dist-packages/find_object_2d/msg/_ObjectsStamped.py
Symlinking /home/pc-proyecto/Manipulacion/catkin_ws/devel/lib/python2.7/dist-packages/find_object_2d/msg/_DetectionInfo.py
Symlinking /home/pc-proyecto/Manipulacion/catkin_ws/devel/lib/python2.7/dist-packages/find_object_2d/msg/__init__.py
Symlinking /home/pc-proyecto/Manipulacion/catkin_ws/devel/lib/pkgconfig/find_object_2d.pc
Symlinking /home/pc-proyecto/Manipulacion/catkin_ws/devel/lib/find_object_2d/tf_example
Symlinking /home/pc-proyecto/Manipulacion/catkin_ws/devel/lib/find_object_2d/print_objects_detected
Symlinking /home/pc-proyecto/Manipulacion/catkin_ws/devel/lib/find_object_2d/find_object_2d
Symlinking /home/pc-proyecto/Manipulacion/catkin_ws/devel/share/common-lisp/ros/find_object_2d/msg/_package.lisp
Symlinking /home/pc-proyecto/Manipulacion/catkin_ws/devel/share/common-lisp/ros/find_object_2d/msg/ObjectsStamped.lisp
Symlinking /home/pc-proyecto/Manipulacion/catkin_ws/devel/share/common-lisp/ros/find_object_2d/msg/DetectionInfo.lisp
Symlinking /home/pc-proyecto/Manipulacion/catkin_ws/devel/share/common-lisp/ros/find_object_2d/msg/_package_DetectionInfo.lisp
Symlinking /home/pc-proyecto/Manipulacion/catkin_ws/devel/share/common-lisp/ros/find_object_2d/msg/find_object_2d-msg.asd
Symlinking /home/pc-proyecto/Manipulacion/catkin_ws/devel/share/common-lisp/ros/find_object_2d/msg/_package_ObjectsStamped.lisp
Symlinking /home/pc-proyecto/Manipulacion/catkin_ws/devel/share/roseus/ros/find_object_2d/manifest.l
Symlinking /home/pc-proyecto/Manipulacion/catkin_ws/devel/share/roseus/ros/find_object_2d/msg/ObjectsStamped.l
Symlinking /home/pc-proyecto/Manipulacion/catkin_ws/devel/share/roseus/ros/find_object_2d/msg/DetectionInfo.l
Symlinking /home/pc-proyecto/Manipulacion/catkin_ws/devel/share/gennodejs/ros/find_object_2d/_index.js
Symlinking /home/pc-proyecto/Manipulacion/catkin_ws/devel/share/gennodejs/ros/find_object_2d/msg/ObjectsStamped.js
Symlinking /home/pc-proyecto/Manipulacion/catkin_ws/devel/share/gennodejs/ros/find_object_2d/msg/_index.js
Symlinking /home/pc-proyecto/Manipulacion/catkin_ws/devel/share/gennodejs/ros/find_object_2d/msg/DetectionInfo.js
Symlinking /home/pc-proyecto/Manipulacion/catkin_ws/devel/share/find_object_2d/cmake/find_object_2d-msg-paths.cmake
Symlinking /home/pc-proyecto/Manipulacion/catkin_ws/devel/share/find_object_2d/cmake/find_object_2d-msg-extras.cmake
Symlinking /home/pc-proyecto/Manipulacion/catkin_ws/devel/share/find_object_2d/cmake/find_object_2dConfig-version.cmake
Symlinking /home/pc-proyecto/Manipulacion/catkin_ws/devel/share/find_object_2d/cmake/find_object_2dConfig.cmake
Symlinking /home/pc-proyecto/Manipulacion/catkin_ws/devel/include/find_object_2d/DetectionInfo.h
Symlinking /home/pc-proyecto/Manipulacion/catkin_ws/devel/include/find_object_2d/ObjectsStamped.h
