[35m[1mScanning dependencies of target _vision_msgs_generate_messages_check_deps_VisionObject[0m
[  0%] Built target _vision_msgs_generate_messages_check_deps_VisionObject
[35m[1mScanning dependencies of target _vision_msgs_generate_messages_check_deps_VisionObjectList[0m
[  0%] Built target _vision_msgs_generate_messages_check_deps_VisionObjectList
[35m[1mScanning dependencies of target _vision_msgs_generate_messages_check_deps_RecognizeObjects[0m
[  0%] Built target _vision_msgs_generate_messages_check_deps_RecognizeObjects
[35m[1mScanning dependencies of target _vision_msgs_generate_messages_check_deps_RecognizeObject[0m
[  0%] Built target _vision_msgs_generate_messages_check_deps_RecognizeObject
[35m[1mScanning dependencies of target _vision_msgs_generate_messages_check_deps_FaceRecognition[0m
[  0%] Built target _vision_msgs_generate_messages_check_deps_FaceRecognition
[35m[1mScanning dependencies of target _vision_msgs_generate_messages_check_deps_SkeletonJoint[0m
[  0%] Built target _vision_msgs_generate_messages_check_deps_SkeletonJoint
[35m[1mScanning dependencies of target _vision_msgs_generate_messages_check_deps_Cube[0m
[  0%] Built target _vision_msgs_generate_messages_check_deps_Cube
[35m[1mScanning dependencies of target _vision_msgs_generate_messages_check_deps_Skeleton[0m
[  0%] Built target _vision_msgs_generate_messages_check_deps_Skeleton
[35m[1mScanning dependencies of target _vision_msgs_generate_messages_check_deps_GetCubes[0m
[  0%] Built target _vision_msgs_generate_messages_check_deps_GetCubes
[35m[1mScanning dependencies of target _vision_msgs_generate_messages_check_deps_VisionFaceTrainObject[0m
[  0%] Built target _vision_msgs_generate_messages_check_deps_VisionFaceTrainObject
[35m[1mScanning dependencies of target _vision_msgs_generate_messages_check_deps_FindWaving[0m
[  0%] Built target _vision_msgs_generate_messages_check_deps_FindWaving
[35m[1mScanning dependencies of target _vision_msgs_generate_messages_check_deps_FindLines[0m
[  0%] Built target _vision_msgs_generate_messages_check_deps_FindLines
[35m[1mScanning dependencies of target _vision_msgs_generate_messages_check_deps_GetPanoramic[0m
[  0%] Built target _vision_msgs_generate_messages_check_deps_GetPanoramic
[35m[1mScanning dependencies of target _vision_msgs_generate_messages_check_deps_VisionRect[0m
[  0%] Built target _vision_msgs_generate_messages_check_deps_VisionRect
[35m[1mScanning dependencies of target _vision_msgs_generate_messages_check_deps_HandSkeletonPos[0m
[  0%] Built target _vision_msgs_generate_messages_check_deps_HandSkeletonPos
[35m[1mScanning dependencies of target _vision_msgs_generate_messages_check_deps_GestureSkeletons[0m
[  0%] Built target _vision_msgs_generate_messages_check_deps_GestureSkeletons
[35m[1mScanning dependencies of target _vision_msgs_generate_messages_check_deps_TrainObject[0m
[  0%] Built target _vision_msgs_generate_messages_check_deps_TrainObject
[35m[1mScanning dependencies of target _vision_msgs_generate_messages_check_deps_DetectGripper[0m
[  0%] Built target _vision_msgs_generate_messages_check_deps_DetectGripper
[35m[1mScanning dependencies of target std_msgs_generate_messages_lisp[0m
[  0%] Built target std_msgs_generate_messages_lisp
[35m[1mScanning dependencies of target _vision_msgs_generate_messages_check_deps_DetectObjects[0m
[  0%] Built target _vision_msgs_generate_messages_check_deps_DetectObjects
[35m[1mScanning dependencies of target _vision_msgs_generate_messages_check_deps_GetThermalAngle[0m
[  0%] Built target _vision_msgs_generate_messages_check_deps_GetThermalAngle
[35m[1mScanning dependencies of target _vision_msgs_generate_messages_check_deps_CubesSegmented[0m
[  0%] Built target _vision_msgs_generate_messages_check_deps_CubesSegmented
[35m[1mScanning dependencies of target _vision_msgs_generate_messages_check_deps_VisionPlane[0m
[  0%] Built target _vision_msgs_generate_messages_check_deps_VisionPlane
[35m[1mScanning dependencies of target _vision_msgs_generate_messages_check_deps_VisionFaceObject[0m
[  0%] Built target _vision_msgs_generate_messages_check_deps_VisionFaceObject
[35m[1mScanning dependencies of target _vision_msgs_generate_messages_check_deps_TrackedObject[0m
[  0%] Built target _vision_msgs_generate_messages_check_deps_TrackedObject
[35m[1mScanning dependencies of target _vision_msgs_generate_messages_check_deps_VisionFaceObjects[0m
[  0%] Built target _vision_msgs_generate_messages_check_deps_VisionFaceObjects
[35m[1mScanning dependencies of target _vision_msgs_generate_messages_check_deps_Skeletons[0m
[  0%] Built target _vision_msgs_generate_messages_check_deps_Skeletons
[35m[1mScanning dependencies of target geometry_msgs_generate_messages_lisp[0m
[  0%] Built target geometry_msgs_generate_messages_lisp
[35m[1mScanning dependencies of target _vision_msgs_generate_messages_check_deps_GestureSkeleton[0m
[  0%] Built target _vision_msgs_generate_messages_check_deps_GestureSkeleton
[35m[1mScanning dependencies of target _vision_msgs_generate_messages_check_deps_GetFacesFromImage[0m
[  0%] Built target _vision_msgs_generate_messages_check_deps_GetFacesFromImage
[35m[1mScanning dependencies of target sensor_msgs_generate_messages_lisp[0m
[  0%] Built target sensor_msgs_generate_messages_lisp
[35m[1mScanning dependencies of target _vision_msgs_generate_messages_check_deps_FindPlane[0m
[  0%] Built target _vision_msgs_generate_messages_check_deps_FindPlane
[35m[1mScanning dependencies of target sensor_msgs_generate_messages_cpp[0m
[  0%] Built target sensor_msgs_generate_messages_cpp
[35m[1mScanning dependencies of target std_msgs_generate_messages_cpp[0m
[  0%] Built target std_msgs_generate_messages_cpp
[35m[1mScanning dependencies of target geometry_msgs_generate_messages_cpp[0m
[  0%] Built target geometry_msgs_generate_messages_cpp
[35m[1mScanning dependencies of target sensor_msgs_generate_messages_eus[0m
[  0%] Built target sensor_msgs_generate_messages_eus
[35m[1mScanning dependencies of target std_msgs_generate_messages_eus[0m
[  0%] Built target std_msgs_generate_messages_eus
[35m[1mScanning dependencies of target geometry_msgs_generate_messages_eus[0m
[  0%] Built target geometry_msgs_generate_messages_eus
[35m[1mScanning dependencies of target std_msgs_generate_messages_nodejs[0m
[  0%] Built target std_msgs_generate_messages_nodejs
[35m[1mScanning dependencies of target geometry_msgs_generate_messages_nodejs[0m
[  0%] Built target geometry_msgs_generate_messages_nodejs
[35m[1mScanning dependencies of target sensor_msgs_generate_messages_nodejs[0m
[  0%] Built target sensor_msgs_generate_messages_nodejs
[35m[1mScanning dependencies of target std_msgs_generate_messages_py[0m
[  0%] Built target std_msgs_generate_messages_py
[35m[1mScanning dependencies of target geometry_msgs_generate_messages_py[0m
[  0%] Built target geometry_msgs_generate_messages_py
[35m[1mScanning dependencies of target sensor_msgs_generate_messages_py[0m
[  0%] Built target sensor_msgs_generate_messages_py
[35m[1mScanning dependencies of target vision_msgs_generate_messages_lisp[0m
[  0%] [34m[1mGenerating Lisp code from vision_msgs/HandSkeletonPos.msg[0m
[  1%] [34m[1mGenerating Lisp code from vision_msgs/Cube.msg[0m
[  1%] [34m[1mGenerating Lisp code from vision_msgs/VisionObject.msg[0m
[  2%] [34m[1mGenerating Lisp code from vision_msgs/SkeletonJoint.msg[0m
[  3%] [34m[1mGenerating Lisp code from vision_msgs/VisionRect.msg[0m
[  3%] [34m[1mGenerating Lisp code from vision_msgs/VisionPlane.msg[0m
[  4%] [34m[1mGenerating Lisp code from vision_msgs/GestureSkeleton.msg[0m
[  5%] [34m[1mGenerating Lisp code from vision_msgs/VisionFaceObject.msg[0m
[  5%] [34m[1mGenerating Lisp code from vision_msgs/CubesSegmented.msg[0m
[  6%] [34m[1mGenerating Lisp code from vision_msgs/Skeletons.msg[0m
[  6%] [34m[1mGenerating Lisp code from vision_msgs/VisionFaceTrainObject.msg[0m
[  7%] [34m[1mGenerating Lisp code from vision_msgs/TrackedObject.msg[0m
[  8%] [34m[1mGenerating Lisp code from vision_msgs/VisionObjectList.msg[0m
[  8%] [34m[1mGenerating Lisp code from vision_msgs/GestureSkeletons.msg[0m
[  9%] [34m[1mGenerating Lisp code from vision_msgs/Skeleton.msg[0m
[ 10%] [34m[1mGenerating Lisp code from vision_msgs/VisionFaceObjects.msg[0m
[ 10%] [34m[1mGenerating Lisp code from vision_msgs/FindLines.srv[0m
[ 11%] [34m[1mGenerating Lisp code from vision_msgs/GetThermalAngle.srv[0m
[ 11%] [34m[1mGenerating Lisp code from vision_msgs/TrainObject.srv[0m
[ 12%] [34m[1mGenerating Lisp code from vision_msgs/DetectGripper.srv[0m
[ 13%] [34m[1mGenerating Lisp code from vision_msgs/RecognizeObject.srv[0m
[ 13%] [34m[1mGenerating Lisp code from vision_msgs/GetCubes.srv[0m
[ 14%] [34m[1mGenerating Lisp code from vision_msgs/GetFacesFromImage.srv[0m
[ 15%] [34m[1mGenerating Lisp code from vision_msgs/FaceRecognition.srv[0m
[ 15%] [34m[1mGenerating Lisp code from vision_msgs/RecognizeObjects.srv[0m
[ 17%] [34m[1mGenerating Lisp code from vision_msgs/GetPanoramic.srv[0m
[ 18%] [34m[1mGenerating Lisp code from vision_msgs/DetectObjects.srv[0m
[ 18%] [34m[1mGenerating Lisp code from vision_msgs/FindWaving.srv[0m
[ 19%] [34m[1mGenerating Lisp code from vision_msgs/FindPlane.srv[0m
[ 19%] Built target vision_msgs_generate_messages_lisp
[35m[1mScanning dependencies of target vision_msgs_generate_messages_cpp[0m
[ 20%] [34m[1mGenerating C++ code from vision_msgs/HandSkeletonPos.msg[0m
[ 21%] [34m[1mGenerating C++ code from vision_msgs/Cube.msg[0m
[ 21%] [34m[1mGenerating C++ code from vision_msgs/VisionObject.msg[0m
[ 22%] [34m[1mGenerating C++ code from vision_msgs/SkeletonJoint.msg[0m
[ 23%] [34m[1mGenerating C++ code from vision_msgs/VisionRect.msg[0m
[ 23%] [34m[1mGenerating C++ code from vision_msgs/VisionPlane.msg[0m
[ 24%] [34m[1mGenerating C++ code from vision_msgs/GestureSkeleton.msg[0m
[ 24%] [34m[1mGenerating C++ code from vision_msgs/VisionFaceObject.msg[0m
[ 25%] [34m[1mGenerating C++ code from vision_msgs/CubesSegmented.msg[0m
[ 26%] [34m[1mGenerating C++ code from vision_msgs/Skeletons.msg[0m
[ 26%] [34m[1mGenerating C++ code from vision_msgs/VisionFaceTrainObject.msg[0m
[ 27%] [34m[1mGenerating C++ code from vision_msgs/TrackedObject.msg[0m
[ 28%] [34m[1mGenerating C++ code from vision_msgs/VisionObjectList.msg[0m
[ 28%] [34m[1mGenerating C++ code from vision_msgs/GestureSkeletons.msg[0m
[ 29%] [34m[1mGenerating C++ code from vision_msgs/Skeleton.msg[0m
[ 29%] [34m[1mGenerating C++ code from vision_msgs/VisionFaceObjects.msg[0m
[ 30%] [34m[1mGenerating C++ code from vision_msgs/FindLines.srv[0m
[ 31%] [34m[1mGenerating C++ code from vision_msgs/GetThermalAngle.srv[0m
[ 31%] [34m[1mGenerating C++ code from vision_msgs/TrainObject.srv[0m
[ 32%] [34m[1mGenerating C++ code from vision_msgs/DetectGripper.srv[0m
[ 34%] [34m[1mGenerating C++ code from vision_msgs/RecognizeObject.srv[0m
[ 34%] [34m[1mGenerating C++ code from vision_msgs/GetCubes.srv[0m
[ 35%] [34m[1mGenerating C++ code from vision_msgs/GetFacesFromImage.srv[0m
[ 36%] [34m[1mGenerating C++ code from vision_msgs/FaceRecognition.srv[0m
[ 36%] [34m[1mGenerating C++ code from vision_msgs/RecognizeObjects.srv[0m
[ 37%] [34m[1mGenerating C++ code from vision_msgs/GetPanoramic.srv[0m
[ 37%] [34m[1mGenerating C++ code from vision_msgs/DetectObjects.srv[0m
[ 38%] [34m[1mGenerating C++ code from vision_msgs/FindWaving.srv[0m
[35m[1mScanning dependencies of target vision_msgs_generate_messages_eus[0m
[ 38%] [34m[1mGenerating EusLisp code from vision_msgs/HandSkeletonPos.msg[0m
[ 39%] [34m[1mGenerating EusLisp code from vision_msgs/Cube.msg[0m
[ 40%] [34m[1mGenerating EusLisp code from vision_msgs/VisionObject.msg[0m
[ 41%] [34m[1mGenerating C++ code from vision_msgs/FindPlane.srv[0m
[35m[1mScanning dependencies of target vision_msgs_generate_messages_nodejs[0m
[ 41%] [34m[1mGenerating Javascript code from vision_msgs/HandSkeletonPos.msg[0m
[ 41%] [34m[1mGenerating EusLisp code from vision_msgs/SkeletonJoint.msg[0m
[ 42%] [34m[1mGenerating Javascript code from vision_msgs/Cube.msg[0m
[ 43%] [34m[1mGenerating Javascript code from vision_msgs/VisionObject.msg[0m
[ 44%] [34m[1mGenerating EusLisp code from vision_msgs/VisionRect.msg[0m
[ 44%] [34m[1mGenerating Javascript code from vision_msgs/SkeletonJoint.msg[0m
[ 44%] [34m[1mGenerating EusLisp code from vision_msgs/VisionPlane.msg[0m
[ 45%] [34m[1mGenerating Javascript code from vision_msgs/VisionRect.msg[0m
[ 45%] Built target vision_msgs_generate_messages_cpp
[35m[1mScanning dependencies of target vision_msgs_generate_messages_py[0m
[ 46%] [34m[1mGenerating Javascript code from vision_msgs/VisionPlane.msg[0m
[ 47%] [34m[1mGenerating EusLisp code from vision_msgs/GestureSkeleton.msg[0m
[ 48%] [34m[1mGenerating Python from MSG vision_msgs/HandSkeletonPos[0m
[ 48%] [34m[1mGenerating Javascript code from vision_msgs/GestureSkeleton.msg[0m
[ 50%] [34m[1mGenerating EusLisp code from vision_msgs/VisionFaceObject.msg[0m
[ 51%] [34m[1mGenerating Javascript code from vision_msgs/VisionFaceObject.msg[0m
[ 51%] [34m[1mGenerating Python from MSG vision_msgs/Cube[0m
[ 51%] [34m[1mGenerating EusLisp code from vision_msgs/CubesSegmented.msg[0m
[ 51%] [34m[1mGenerating Javascript code from vision_msgs/CubesSegmented.msg[0m
[ 52%] [34m[1mGenerating Javascript code from vision_msgs/Skeletons.msg[0m
[ 53%] [34m[1mGenerating EusLisp code from vision_msgs/Skeletons.msg[0m
[ 54%] [34m[1mGenerating Javascript code from vision_msgs/VisionFaceTrainObject.msg[0m
[ 55%] [34m[1mGenerating Python from MSG vision_msgs/VisionObject[0m
[ 55%] [34m[1mGenerating Javascript code from vision_msgs/TrackedObject.msg[0m
[ 56%] [34m[1mGenerating EusLisp code from vision_msgs/VisionFaceTrainObject.msg[0m
[ 57%] [34m[1mGenerating Javascript code from vision_msgs/VisionObjectList.msg[0m
[ 58%] [34m[1mGenerating Python from MSG vision_msgs/SkeletonJoint[0m
[ 58%] [34m[1mGenerating EusLisp code from vision_msgs/TrackedObject.msg[0m
[ 59%] [34m[1mGenerating Javascript code from vision_msgs/GestureSkeletons.msg[0m
[ 59%] [34m[1mGenerating Javascript code from vision_msgs/Skeleton.msg[0m
[ 60%] [34m[1mGenerating EusLisp code from vision_msgs/VisionObjectList.msg[0m
[ 60%] [34m[1mGenerating Python from MSG vision_msgs/VisionRect[0m
[ 61%] [34m[1mGenerating Javascript code from vision_msgs/VisionFaceObjects.msg[0m
[ 61%] [34m[1mGenerating EusLisp code from vision_msgs/GestureSkeletons.msg[0m
[ 61%] [34m[1mGenerating Javascript code from vision_msgs/FindLines.srv[0m
[ 62%] [34m[1mGenerating Javascript code from vision_msgs/GetThermalAngle.srv[0m
[ 63%] [34m[1mGenerating EusLisp code from vision_msgs/Skeleton.msg[0m
[ 64%] [34m[1mGenerating Python from MSG vision_msgs/VisionPlane[0m
[ 65%] [34m[1mGenerating Javascript code from vision_msgs/TrainObject.srv[0m
[ 67%] [34m[1mGenerating EusLisp code from vision_msgs/VisionFaceObjects.msg[0m
[ 67%] [34m[1mGenerating Javascript code from vision_msgs/DetectGripper.srv[0m
[ 68%] [34m[1mGenerating Javascript code from vision_msgs/RecognizeObject.srv[0m
[ 68%] [34m[1mGenerating Python from MSG vision_msgs/GestureSkeleton[0m
[ 68%] [34m[1mGenerating EusLisp code from vision_msgs/FindLines.srv[0m
[ 69%] [34m[1mGenerating Javascript code from vision_msgs/GetCubes.srv[0m
[ 70%] [34m[1mGenerating EusLisp code from vision_msgs/GetThermalAngle.srv[0m
[ 70%] [34m[1mGenerating Javascript code from vision_msgs/GetFacesFromImage.srv[0m
[ 71%] [34m[1mGenerating Python from MSG vision_msgs/VisionFaceObject[0m
[ 72%] [34m[1mGenerating Javascript code from vision_msgs/FaceRecognition.srv[0m
[ 73%] [34m[1mGenerating EusLisp code from vision_msgs/TrainObject.srv[0m
[ 73%] [34m[1mGenerating Javascript code from vision_msgs/RecognizeObjects.srv[0m
[ 73%] [34m[1mGenerating EusLisp code from vision_msgs/DetectGripper.srv[0m
[ 74%] [34m[1mGenerating Python from MSG vision_msgs/CubesSegmented[0m
[ 75%] [34m[1mGenerating Javascript code from vision_msgs/GetPanoramic.srv[0m
[ 76%] [34m[1mGenerating Javascript code from vision_msgs/DetectObjects.srv[0m
[ 77%] [34m[1mGenerating EusLisp code from vision_msgs/RecognizeObject.srv[0m
[ 77%] [34m[1mGenerating Javascript code from vision_msgs/FindWaving.srv[0m
[ 77%] [34m[1mGenerating Python from MSG vision_msgs/Skeletons[0m
[ 77%] [34m[1mGenerating EusLisp code from vision_msgs/GetCubes.srv[0m
[ 78%] [34m[1mGenerating Javascript code from vision_msgs/FindPlane.srv[0m
[ 78%] Built target vision_msgs_generate_messages_nodejs
[ 79%] [34m[1mGenerating EusLisp code from vision_msgs/GetFacesFromImage.srv[0m
[ 80%] [34m[1mGenerating Python from MSG vision_msgs/VisionFaceTrainObject[0m
[ 81%] [34m[1mGenerating Python from MSG vision_msgs/TrackedObject[0m
[ 82%] [34m[1mGenerating EusLisp code from vision_msgs/FaceRecognition.srv[0m
[ 82%] [34m[1mGenerating EusLisp code from vision_msgs/RecognizeObjects.srv[0m
[ 84%] [34m[1mGenerating EusLisp code from vision_msgs/GetPanoramic.srv[0m
[ 84%] [34m[1mGenerating Python from MSG vision_msgs/VisionObjectList[0m
[ 85%] [34m[1mGenerating EusLisp code from vision_msgs/DetectObjects.srv[0m
[ 85%] [34m[1mGenerating EusLisp code from vision_msgs/FindWaving.srv[0m
[ 86%] [34m[1mGenerating Python from MSG vision_msgs/GestureSkeletons[0m
[ 87%] [34m[1mGenerating EusLisp code from vision_msgs/FindPlane.srv[0m
[ 88%] [34m[1mGenerating EusLisp manifest code for vision_msgs[0m
[ 88%] [34m[1mGenerating Python from MSG vision_msgs/Skeleton[0m
[ 89%] [34m[1mGenerating Python from MSG vision_msgs/VisionFaceObjects[0m
[ 90%] [34m[1mGenerating Python code from SRV vision_msgs/FindLines[0m
[ 90%] [34m[1mGenerating Python code from SRV vision_msgs/GetThermalAngle[0m
[ 91%] [34m[1mGenerating Python code from SRV vision_msgs/TrainObject[0m
[ 92%] [34m[1mGenerating Python code from SRV vision_msgs/DetectGripper[0m
[ 92%] [34m[1mGenerating Python code from SRV vision_msgs/RecognizeObject[0m
[ 93%] [34m[1mGenerating Python code from SRV vision_msgs/GetCubes[0m
[ 93%] [34m[1mGenerating Python code from SRV vision_msgs/GetFacesFromImage[0m
[ 94%] [34m[1mGenerating Python code from SRV vision_msgs/FaceRecognition[0m
[ 95%] [34m[1mGenerating Python code from SRV vision_msgs/RecognizeObjects[0m
[ 95%] [34m[1mGenerating Python code from SRV vision_msgs/GetPanoramic[0m
[ 95%] Built target vision_msgs_generate_messages_eus
[ 97%] [34m[1mGenerating Python code from SRV vision_msgs/FindWaving[0m
[ 97%] [34m[1mGenerating Python code from SRV vision_msgs/DetectObjects[0m
[ 97%] [34m[1mGenerating Python code from SRV vision_msgs/FindPlane[0m
[100%] [34m[1mGenerating Python msg __init__.py for vision_msgs[0m
[100%] [34m[1mGenerating Python srv __init__.py for vision_msgs[0m
[100%] Built target vision_msgs_generate_messages_py
[35m[1mScanning dependencies of target vision_msgs_generate_messages[0m
[100%] Built target vision_msgs_generate_messages
