[  0%] Built target _vision_msgs_generate_messages_check_deps_VisionObject
[  0%] Built target _vision_msgs_generate_messages_check_deps_VisionObjectList
[  0%] Built target _vision_msgs_generate_messages_check_deps_RecognizeObjects
[  0%] Built target _vision_msgs_generate_messages_check_deps_RecognizeObject
[  0%] Built target _vision_msgs_generate_messages_check_deps_SkeletonJoint
[  0%] Built target _vision_msgs_generate_messages_check_deps_FaceRecognition
[  0%] Built target _vision_msgs_generate_messages_check_deps_Cube
[  0%] Built target _vision_msgs_generate_messages_check_deps_Skeleton
[  0%] Built target _vision_msgs_generate_messages_check_deps_GetCubes
[  0%] Built target _vision_msgs_generate_messages_check_deps_VisionFaceTrainObject
[  0%] Built target _vision_msgs_generate_messages_check_deps_FindWaving
[  0%] Built target _vision_msgs_generate_messages_check_deps_FindLines
[  0%] Built target _vision_msgs_generate_messages_check_deps_GetPanoramic
[  0%] Built target _vision_msgs_generate_messages_check_deps_HandSkeletonPos
[  0%] Built target _vision_msgs_generate_messages_check_deps_VisionRect
[  0%] Built target _vision_msgs_generate_messages_check_deps_TrainObject
[  0%] Built target _vision_msgs_generate_messages_check_deps_GestureSkeletons
[  0%] Built target std_msgs_generate_messages_lisp
[  0%] Built target _vision_msgs_generate_messages_check_deps_DetectGripper
[  0%] Built target _vision_msgs_generate_messages_check_deps_DetectObjects
[  0%] Built target _vision_msgs_generate_messages_check_deps_CubesSegmented
[  0%] Built target _vision_msgs_generate_messages_check_deps_GetThermalAngle
[  0%] Built target _vision_msgs_generate_messages_check_deps_VisionFaceObject
[  0%] Built target _vision_msgs_generate_messages_check_deps_VisionPlane
[  0%] Built target geometry_msgs_generate_messages_lisp
[  0%] Built target _vision_msgs_generate_messages_check_deps_TrackedObject
[  0%] Built target _vision_msgs_generate_messages_check_deps_VisionFaceObjects
[  0%] Built target _vision_msgs_generate_messages_check_deps_Skeletons
[  0%] Built target sensor_msgs_generate_messages_lisp
[  0%] Built target _vision_msgs_generate_messages_check_deps_GestureSkeleton
[  0%] Built target _vision_msgs_generate_messages_check_deps_FindPlane
[  0%] Built target _vision_msgs_generate_messages_check_deps_GetFacesFromImage
[  0%] Built target sensor_msgs_generate_messages_eus
[  0%] Built target sensor_msgs_generate_messages_cpp
[  0%] Built target std_msgs_generate_messages_cpp
[  0%] Built target geometry_msgs_generate_messages_cpp
[  0%] Built target std_msgs_generate_messages_eus
[  0%] Built target geometry_msgs_generate_messages_eus
[  0%] Built target sensor_msgs_generate_messages_nodejs
[  0%] Built target std_msgs_generate_messages_nodejs
[  0%] Built target geometry_msgs_generate_messages_nodejs
[  0%] Built target geometry_msgs_generate_messages_py
[  0%] Built target std_msgs_generate_messages_py
[ 20%] Built target vision_msgs_generate_messages_cpp
[ 20%] Built target sensor_msgs_generate_messages_py
[ 39%] Built target vision_msgs_generate_messages_lisp
[ 59%] Built target vision_msgs_generate_messages_eus
[ 80%] Built target vision_msgs_generate_messages_py
[100%] Built target vision_msgs_generate_messages_nodejs
[100%] Built target vision_msgs_generate_messages
