Symlinking /home/pc-proyecto/Manipulacion/catkin_ws/devel/lib/python2.7/dist-packages/vision_msgs/__init__.py
Symlinking /home/pc-proyecto/Manipulacion/catkin_ws/devel/lib/python2.7/dist-packages/vision_msgs/srv/_FindWaving.py
Symlinking /home/pc-proyecto/Manipulacion/catkin_ws/devel/lib/python2.7/dist-packages/vision_msgs/srv/_GetPanoramic.py
Symlinking /home/pc-proyecto/Manipulacion/catkin_ws/devel/lib/python2.7/dist-packages/vision_msgs/srv/_DetectGripper.py
Symlinking /home/pc-proyecto/Manipulacion/catkin_ws/devel/lib/python2.7/dist-packages/vision_msgs/srv/_DetectObjects.py
Symlinking /home/pc-proyecto/Manipulacion/catkin_ws/devel/lib/python2.7/dist-packages/vision_msgs/srv/_FaceRecognition.py
Symlinking /home/pc-proyecto/Manipulacion/catkin_ws/devel/lib/python2.7/dist-packages/vision_msgs/srv/__init__.py
Symlinking /home/pc-proyecto/Manipulacion/catkin_ws/devel/lib/python2.7/dist-packages/vision_msgs/srv/_GetFacesFromImage.py
Symlinking /home/pc-proyecto/Manipulacion/catkin_ws/devel/lib/python2.7/dist-packages/vision_msgs/srv/_FindLines.py
Symlinking /home/pc-proyecto/Manipulacion/catkin_ws/devel/lib/python2.7/dist-packages/vision_msgs/srv/_RecognizeObjects.py
Symlinking /home/pc-proyecto/Manipulacion/catkin_ws/devel/lib/python2.7/dist-packages/vision_msgs/srv/_RecognizeObject.py
Symlinking /home/pc-proyecto/Manipulacion/catkin_ws/devel/lib/python2.7/dist-packages/vision_msgs/srv/_GetCubes.py
Symlinking /home/pc-proyecto/Manipulacion/catkin_ws/devel/lib/python2.7/dist-packages/vision_msgs/srv/_GetThermalAngle.py
Symlinking /home/pc-proyecto/Manipulacion/catkin_ws/devel/lib/python2.7/dist-packages/vision_msgs/srv/_TrainObject.py
Symlinking /home/pc-proyecto/Manipulacion/catkin_ws/devel/lib/python2.7/dist-packages/vision_msgs/srv/_FindPlane.py
Symlinking /home/pc-proyecto/Manipulacion/catkin_ws/devel/lib/python2.7/dist-packages/vision_msgs/msg/_VisionFaceObjects.py
Symlinking /home/pc-proyecto/Manipulacion/catkin_ws/devel/lib/python2.7/dist-packages/vision_msgs/msg/_VisionPlane.py
Symlinking /home/pc-proyecto/Manipulacion/catkin_ws/devel/lib/python2.7/dist-packages/vision_msgs/msg/_TrackedObject.py
Symlinking /home/pc-proyecto/Manipulacion/catkin_ws/devel/lib/python2.7/dist-packages/vision_msgs/msg/_GestureSkeleton.py
Symlinking /home/pc-proyecto/Manipulacion/catkin_ws/devel/lib/python2.7/dist-packages/vision_msgs/msg/_Skeleton.py
Symlinking /home/pc-proyecto/Manipulacion/catkin_ws/devel/lib/python2.7/dist-packages/vision_msgs/msg/_VisionFaceTrainObject.py
Symlinking /home/pc-proyecto/Manipulacion/catkin_ws/devel/lib/python2.7/dist-packages/vision_msgs/msg/_Cube.py
Symlinking /home/pc-proyecto/Manipulacion/catkin_ws/devel/lib/python2.7/dist-packages/vision_msgs/msg/__init__.py
Symlinking /home/pc-proyecto/Manipulacion/catkin_ws/devel/lib/python2.7/dist-packages/vision_msgs/msg/_Skeletons.py
Symlinking /home/pc-proyecto/Manipulacion/catkin_ws/devel/lib/python2.7/dist-packages/vision_msgs/msg/_VisionFaceObject.py
Symlinking /home/pc-proyecto/Manipulacion/catkin_ws/devel/lib/python2.7/dist-packages/vision_msgs/msg/_SkeletonJoint.py
Symlinking /home/pc-proyecto/Manipulacion/catkin_ws/devel/lib/python2.7/dist-packages/vision_msgs/msg/_VisionObjectList.py
Symlinking /home/pc-proyecto/Manipulacion/catkin_ws/devel/lib/python2.7/dist-packages/vision_msgs/msg/_VisionObject.py
Symlinking /home/pc-proyecto/Manipulacion/catkin_ws/devel/lib/python2.7/dist-packages/vision_msgs/msg/_VisionRect.py
Symlinking /home/pc-proyecto/Manipulacion/catkin_ws/devel/lib/python2.7/dist-packages/vision_msgs/msg/_GestureSkeletons.py
Symlinking /home/pc-proyecto/Manipulacion/catkin_ws/devel/lib/python2.7/dist-packages/vision_msgs/msg/_CubesSegmented.py
Symlinking /home/pc-proyecto/Manipulacion/catkin_ws/devel/lib/python2.7/dist-packages/vision_msgs/msg/_HandSkeletonPos.py
Symlinking /home/pc-proyecto/Manipulacion/catkin_ws/devel/lib/pkgconfig/vision_msgs.pc
Symlinking /home/pc-proyecto/Manipulacion/catkin_ws/devel/share/common-lisp/ros/vision_msgs/srv/_package_GetPanoramic.lisp
Symlinking /home/pc-proyecto/Manipulacion/catkin_ws/devel/share/common-lisp/ros/vision_msgs/srv/FindLines.lisp
Symlinking /home/pc-proyecto/Manipulacion/catkin_ws/devel/share/common-lisp/ros/vision_msgs/srv/DetectGripper.lisp
Symlinking /home/pc-proyecto/Manipulacion/catkin_ws/devel/share/common-lisp/ros/vision_msgs/srv/_package.lisp
Symlinking /home/pc-proyecto/Manipulacion/catkin_ws/devel/share/common-lisp/ros/vision_msgs/srv/_package_RecognizeObject.lisp
Symlinking /home/pc-proyecto/Manipulacion/catkin_ws/devel/share/common-lisp/ros/vision_msgs/srv/_package_DetectGripper.lisp
Symlinking /home/pc-proyecto/Manipulacion/catkin_ws/devel/share/common-lisp/ros/vision_msgs/srv/DetectObjects.lisp
Symlinking /home/pc-proyecto/Manipulacion/catkin_ws/devel/share/common-lisp/ros/vision_msgs/srv/GetCubes.lisp
Symlinking /home/pc-proyecto/Manipulacion/catkin_ws/devel/share/common-lisp/ros/vision_msgs/srv/GetThermalAngle.lisp
Symlinking /home/pc-proyecto/Manipulacion/catkin_ws/devel/share/common-lisp/ros/vision_msgs/srv/GetFacesFromImage.lisp
Symlinking /home/pc-proyecto/Manipulacion/catkin_ws/devel/share/common-lisp/ros/vision_msgs/srv/GetPanoramic.lisp
Symlinking /home/pc-proyecto/Manipulacion/catkin_ws/devel/share/common-lisp/ros/vision_msgs/srv/FaceRecognition.lisp
Symlinking /home/pc-proyecto/Manipulacion/catkin_ws/devel/share/common-lisp/ros/vision_msgs/srv/_package_DetectObjects.lisp
Symlinking /home/pc-proyecto/Manipulacion/catkin_ws/devel/share/common-lisp/ros/vision_msgs/srv/_package_GetThermalAngle.lisp
Symlinking /home/pc-proyecto/Manipulacion/catkin_ws/devel/share/common-lisp/ros/vision_msgs/srv/_package_RecognizeObjects.lisp
Symlinking /home/pc-proyecto/Manipulacion/catkin_ws/devel/share/common-lisp/ros/vision_msgs/srv/_package_TrainObject.lisp
Symlinking /home/pc-proyecto/Manipulacion/catkin_ws/devel/share/common-lisp/ros/vision_msgs/srv/FindWaving.lisp
Symlinking /home/pc-proyecto/Manipulacion/catkin_ws/devel/share/common-lisp/ros/vision_msgs/srv/RecognizeObject.lisp
Symlinking /home/pc-proyecto/Manipulacion/catkin_ws/devel/share/common-lisp/ros/vision_msgs/srv/_package_GetCubes.lisp
Symlinking /home/pc-proyecto/Manipulacion/catkin_ws/devel/share/common-lisp/ros/vision_msgs/srv/TrainObject.lisp
Symlinking /home/pc-proyecto/Manipulacion/catkin_ws/devel/share/common-lisp/ros/vision_msgs/srv/vision_msgs-srv.asd
Symlinking /home/pc-proyecto/Manipulacion/catkin_ws/devel/share/common-lisp/ros/vision_msgs/srv/_package_FindWaving.lisp
Symlinking /home/pc-proyecto/Manipulacion/catkin_ws/devel/share/common-lisp/ros/vision_msgs/srv/FindPlane.lisp
Symlinking /home/pc-proyecto/Manipulacion/catkin_ws/devel/share/common-lisp/ros/vision_msgs/srv/_package_FindLines.lisp
Symlinking /home/pc-proyecto/Manipulacion/catkin_ws/devel/share/common-lisp/ros/vision_msgs/srv/_package_GetFacesFromImage.lisp
Symlinking /home/pc-proyecto/Manipulacion/catkin_ws/devel/share/common-lisp/ros/vision_msgs/srv/_package_FindPlane.lisp
Symlinking /home/pc-proyecto/Manipulacion/catkin_ws/devel/share/common-lisp/ros/vision_msgs/srv/RecognizeObjects.lisp
Symlinking /home/pc-proyecto/Manipulacion/catkin_ws/devel/share/common-lisp/ros/vision_msgs/srv/_package_FaceRecognition.lisp
Symlinking /home/pc-proyecto/Manipulacion/catkin_ws/devel/share/common-lisp/ros/vision_msgs/msg/SkeletonJoint.lisp
Symlinking /home/pc-proyecto/Manipulacion/catkin_ws/devel/share/common-lisp/ros/vision_msgs/msg/_package_TrackedObject.lisp
Symlinking /home/pc-proyecto/Manipulacion/catkin_ws/devel/share/common-lisp/ros/vision_msgs/msg/CubesSegmented.lisp
Symlinking /home/pc-proyecto/Manipulacion/catkin_ws/devel/share/common-lisp/ros/vision_msgs/msg/GestureSkeletons.lisp
Symlinking /home/pc-proyecto/Manipulacion/catkin_ws/devel/share/common-lisp/ros/vision_msgs/msg/TrackedObject.lisp
Symlinking /home/pc-proyecto/Manipulacion/catkin_ws/devel/share/common-lisp/ros/vision_msgs/msg/Skeleton.lisp
Symlinking /home/pc-proyecto/Manipulacion/catkin_ws/devel/share/common-lisp/ros/vision_msgs/msg/_package.lisp
Symlinking /home/pc-proyecto/Manipulacion/catkin_ws/devel/share/common-lisp/ros/vision_msgs/msg/_package_VisionRect.lisp
Symlinking /home/pc-proyecto/Manipulacion/catkin_ws/devel/share/common-lisp/ros/vision_msgs/msg/VisionFaceObjects.lisp
Symlinking /home/pc-proyecto/Manipulacion/catkin_ws/devel/share/common-lisp/ros/vision_msgs/msg/GestureSkeleton.lisp
Symlinking /home/pc-proyecto/Manipulacion/catkin_ws/devel/share/common-lisp/ros/vision_msgs/msg/Cube.lisp
Symlinking /home/pc-proyecto/Manipulacion/catkin_ws/devel/share/common-lisp/ros/vision_msgs/msg/_package_Cube.lisp
Symlinking /home/pc-proyecto/Manipulacion/catkin_ws/devel/share/common-lisp/ros/vision_msgs/msg/_package_SkeletonJoint.lisp
Symlinking /home/pc-proyecto/Manipulacion/catkin_ws/devel/share/common-lisp/ros/vision_msgs/msg/Skeletons.lisp
Symlinking /home/pc-proyecto/Manipulacion/catkin_ws/devel/share/common-lisp/ros/vision_msgs/msg/_package_VisionObject.lisp
Symlinking /home/pc-proyecto/Manipulacion/catkin_ws/devel/share/common-lisp/ros/vision_msgs/msg/_package_GestureSkeletons.lisp
Symlinking /home/pc-proyecto/Manipulacion/catkin_ws/devel/share/common-lisp/ros/vision_msgs/msg/HandSkeletonPos.lisp
Symlinking /home/pc-proyecto/Manipulacion/catkin_ws/devel/share/common-lisp/ros/vision_msgs/msg/VisionRect.lisp
Symlinking /home/pc-proyecto/Manipulacion/catkin_ws/devel/share/common-lisp/ros/vision_msgs/msg/_package_CubesSegmented.lisp
Symlinking /home/pc-proyecto/Manipulacion/catkin_ws/devel/share/common-lisp/ros/vision_msgs/msg/_package_VisionObjectList.lisp
Symlinking /home/pc-proyecto/Manipulacion/catkin_ws/devel/share/common-lisp/ros/vision_msgs/msg/_package_VisionFaceObjects.lisp
Symlinking /home/pc-proyecto/Manipulacion/catkin_ws/devel/share/common-lisp/ros/vision_msgs/msg/_package_VisionFaceTrainObject.lisp
Symlinking /home/pc-proyecto/Manipulacion/catkin_ws/devel/share/common-lisp/ros/vision_msgs/msg/VisionFaceTrainObject.lisp
Symlinking /home/pc-proyecto/Manipulacion/catkin_ws/devel/share/common-lisp/ros/vision_msgs/msg/VisionPlane.lisp
Symlinking /home/pc-proyecto/Manipulacion/catkin_ws/devel/share/common-lisp/ros/vision_msgs/msg/_package_VisionFaceObject.lisp
Symlinking /home/pc-proyecto/Manipulacion/catkin_ws/devel/share/common-lisp/ros/vision_msgs/msg/_package_Skeletons.lisp
Symlinking /home/pc-proyecto/Manipulacion/catkin_ws/devel/share/common-lisp/ros/vision_msgs/msg/_package_Skeleton.lisp
Symlinking /home/pc-proyecto/Manipulacion/catkin_ws/devel/share/common-lisp/ros/vision_msgs/msg/VisionObject.lisp
Symlinking /home/pc-proyecto/Manipulacion/catkin_ws/devel/share/common-lisp/ros/vision_msgs/msg/VisionObjectList.lisp
Symlinking /home/pc-proyecto/Manipulacion/catkin_ws/devel/share/common-lisp/ros/vision_msgs/msg/_package_VisionPlane.lisp
Symlinking /home/pc-proyecto/Manipulacion/catkin_ws/devel/share/common-lisp/ros/vision_msgs/msg/VisionFaceObject.lisp
Symlinking /home/pc-proyecto/Manipulacion/catkin_ws/devel/share/common-lisp/ros/vision_msgs/msg/vision_msgs-msg.asd
Symlinking /home/pc-proyecto/Manipulacion/catkin_ws/devel/share/common-lisp/ros/vision_msgs/msg/_package_GestureSkeleton.lisp
Symlinking /home/pc-proyecto/Manipulacion/catkin_ws/devel/share/common-lisp/ros/vision_msgs/msg/_package_HandSkeletonPos.lisp
Symlinking /home/pc-proyecto/Manipulacion/catkin_ws/devel/share/roseus/ros/vision_msgs/manifest.l
Symlinking /home/pc-proyecto/Manipulacion/catkin_ws/devel/share/roseus/ros/vision_msgs/srv/FindWaving.l
Symlinking /home/pc-proyecto/Manipulacion/catkin_ws/devel/share/roseus/ros/vision_msgs/srv/DetectObjects.l
Symlinking /home/pc-proyecto/Manipulacion/catkin_ws/devel/share/roseus/ros/vision_msgs/srv/FindLines.l
Symlinking /home/pc-proyecto/Manipulacion/catkin_ws/devel/share/roseus/ros/vision_msgs/srv/TrainObject.l
Symlinking /home/pc-proyecto/Manipulacion/catkin_ws/devel/share/roseus/ros/vision_msgs/srv/FindPlane.l
Symlinking /home/pc-proyecto/Manipulacion/catkin_ws/devel/share/roseus/ros/vision_msgs/srv/GetPanoramic.l
Symlinking /home/pc-proyecto/Manipulacion/catkin_ws/devel/share/roseus/ros/vision_msgs/srv/RecognizeObject.l
Symlinking /home/pc-proyecto/Manipulacion/catkin_ws/devel/share/roseus/ros/vision_msgs/srv/RecognizeObjects.l
Symlinking /home/pc-proyecto/Manipulacion/catkin_ws/devel/share/roseus/ros/vision_msgs/srv/DetectGripper.l
Symlinking /home/pc-proyecto/Manipulacion/catkin_ws/devel/share/roseus/ros/vision_msgs/srv/GetThermalAngle.l
Symlinking /home/pc-proyecto/Manipulacion/catkin_ws/devel/share/roseus/ros/vision_msgs/srv/GetFacesFromImage.l
Symlinking /home/pc-proyecto/Manipulacion/catkin_ws/devel/share/roseus/ros/vision_msgs/srv/GetCubes.l
Symlinking /home/pc-proyecto/Manipulacion/catkin_ws/devel/share/roseus/ros/vision_msgs/srv/FaceRecognition.l
Symlinking /home/pc-proyecto/Manipulacion/catkin_ws/devel/share/roseus/ros/vision_msgs/msg/VisionPlane.l
Symlinking /home/pc-proyecto/Manipulacion/catkin_ws/devel/share/roseus/ros/vision_msgs/msg/GestureSkeletons.l
Symlinking /home/pc-proyecto/Manipulacion/catkin_ws/devel/share/roseus/ros/vision_msgs/msg/VisionFaceObject.l
Symlinking /home/pc-proyecto/Manipulacion/catkin_ws/devel/share/roseus/ros/vision_msgs/msg/TrackedObject.l
Symlinking /home/pc-proyecto/Manipulacion/catkin_ws/devel/share/roseus/ros/vision_msgs/msg/SkeletonJoint.l
Symlinking /home/pc-proyecto/Manipulacion/catkin_ws/devel/share/roseus/ros/vision_msgs/msg/Skeleton.l
Symlinking /home/pc-proyecto/Manipulacion/catkin_ws/devel/share/roseus/ros/vision_msgs/msg/VisionObjectList.l
Symlinking /home/pc-proyecto/Manipulacion/catkin_ws/devel/share/roseus/ros/vision_msgs/msg/VisionRect.l
Symlinking /home/pc-proyecto/Manipulacion/catkin_ws/devel/share/roseus/ros/vision_msgs/msg/VisionObject.l
Symlinking /home/pc-proyecto/Manipulacion/catkin_ws/devel/share/roseus/ros/vision_msgs/msg/HandSkeletonPos.l
Symlinking /home/pc-proyecto/Manipulacion/catkin_ws/devel/share/roseus/ros/vision_msgs/msg/VisionFaceTrainObject.l
Symlinking /home/pc-proyecto/Manipulacion/catkin_ws/devel/share/roseus/ros/vision_msgs/msg/Skeletons.l
Symlinking /home/pc-proyecto/Manipulacion/catkin_ws/devel/share/roseus/ros/vision_msgs/msg/CubesSegmented.l
Symlinking /home/pc-proyecto/Manipulacion/catkin_ws/devel/share/roseus/ros/vision_msgs/msg/VisionFaceObjects.l
Symlinking /home/pc-proyecto/Manipulacion/catkin_ws/devel/share/roseus/ros/vision_msgs/msg/Cube.l
Symlinking /home/pc-proyecto/Manipulacion/catkin_ws/devel/share/roseus/ros/vision_msgs/msg/GestureSkeleton.l
Symlinking /home/pc-proyecto/Manipulacion/catkin_ws/devel/share/vision_msgs/cmake/vision_msgsConfig.cmake
Symlinking /home/pc-proyecto/Manipulacion/catkin_ws/devel/share/vision_msgs/cmake/vision_msgs-msg-extras.cmake
Symlinking /home/pc-proyecto/Manipulacion/catkin_ws/devel/share/vision_msgs/cmake/vision_msgsConfig-version.cmake
Symlinking /home/pc-proyecto/Manipulacion/catkin_ws/devel/share/vision_msgs/cmake/vision_msgs-msg-paths.cmake
Symlinking /home/pc-proyecto/Manipulacion/catkin_ws/devel/share/gennodejs/ros/vision_msgs/_index.js
Symlinking /home/pc-proyecto/Manipulacion/catkin_ws/devel/share/gennodejs/ros/vision_msgs/srv/FaceRecognition.js
Symlinking /home/pc-proyecto/Manipulacion/catkin_ws/devel/share/gennodejs/ros/vision_msgs/srv/TrainObject.js
Symlinking /home/pc-proyecto/Manipulacion/catkin_ws/devel/share/gennodejs/ros/vision_msgs/srv/FindLines.js
Symlinking /home/pc-proyecto/Manipulacion/catkin_ws/devel/share/gennodejs/ros/vision_msgs/srv/GetCubes.js
Symlinking /home/pc-proyecto/Manipulacion/catkin_ws/devel/share/gennodejs/ros/vision_msgs/srv/GetPanoramic.js
Symlinking /home/pc-proyecto/Manipulacion/catkin_ws/devel/share/gennodejs/ros/vision_msgs/srv/DetectObjects.js
Symlinking /home/pc-proyecto/Manipulacion/catkin_ws/devel/share/gennodejs/ros/vision_msgs/srv/RecognizeObject.js
Symlinking /home/pc-proyecto/Manipulacion/catkin_ws/devel/share/gennodejs/ros/vision_msgs/srv/_index.js
Symlinking /home/pc-proyecto/Manipulacion/catkin_ws/devel/share/gennodejs/ros/vision_msgs/srv/DetectGripper.js
Symlinking /home/pc-proyecto/Manipulacion/catkin_ws/devel/share/gennodejs/ros/vision_msgs/srv/FindWaving.js
Symlinking /home/pc-proyecto/Manipulacion/catkin_ws/devel/share/gennodejs/ros/vision_msgs/srv/FindPlane.js
Symlinking /home/pc-proyecto/Manipulacion/catkin_ws/devel/share/gennodejs/ros/vision_msgs/srv/RecognizeObjects.js
Symlinking /home/pc-proyecto/Manipulacion/catkin_ws/devel/share/gennodejs/ros/vision_msgs/srv/GetThermalAngle.js
Symlinking /home/pc-proyecto/Manipulacion/catkin_ws/devel/share/gennodejs/ros/vision_msgs/srv/GetFacesFromImage.js
Symlinking /home/pc-proyecto/Manipulacion/catkin_ws/devel/share/gennodejs/ros/vision_msgs/msg/VisionObjectList.js
Symlinking /home/pc-proyecto/Manipulacion/catkin_ws/devel/share/gennodejs/ros/vision_msgs/msg/Skeleton.js
Symlinking /home/pc-proyecto/Manipulacion/catkin_ws/devel/share/gennodejs/ros/vision_msgs/msg/Skeletons.js
Symlinking /home/pc-proyecto/Manipulacion/catkin_ws/devel/share/gennodejs/ros/vision_msgs/msg/SkeletonJoint.js
Symlinking /home/pc-proyecto/Manipulacion/catkin_ws/devel/share/gennodejs/ros/vision_msgs/msg/GestureSkeleton.js
Symlinking /home/pc-proyecto/Manipulacion/catkin_ws/devel/share/gennodejs/ros/vision_msgs/msg/TrackedObject.js
Symlinking /home/pc-proyecto/Manipulacion/catkin_ws/devel/share/gennodejs/ros/vision_msgs/msg/Cube.js
Symlinking /home/pc-proyecto/Manipulacion/catkin_ws/devel/share/gennodejs/ros/vision_msgs/msg/VisionPlane.js
Symlinking /home/pc-proyecto/Manipulacion/catkin_ws/devel/share/gennodejs/ros/vision_msgs/msg/VisionFaceObject.js
Symlinking /home/pc-proyecto/Manipulacion/catkin_ws/devel/share/gennodejs/ros/vision_msgs/msg/GestureSkeletons.js
Symlinking /home/pc-proyecto/Manipulacion/catkin_ws/devel/share/gennodejs/ros/vision_msgs/msg/_index.js
Symlinking /home/pc-proyecto/Manipulacion/catkin_ws/devel/share/gennodejs/ros/vision_msgs/msg/HandSkeletonPos.js
Symlinking /home/pc-proyecto/Manipulacion/catkin_ws/devel/share/gennodejs/ros/vision_msgs/msg/VisionFaceTrainObject.js
Symlinking /home/pc-proyecto/Manipulacion/catkin_ws/devel/share/gennodejs/ros/vision_msgs/msg/CubesSegmented.js
Symlinking /home/pc-proyecto/Manipulacion/catkin_ws/devel/share/gennodejs/ros/vision_msgs/msg/VisionObject.js
Symlinking /home/pc-proyecto/Manipulacion/catkin_ws/devel/share/gennodejs/ros/vision_msgs/msg/VisionFaceObjects.js
Symlinking /home/pc-proyecto/Manipulacion/catkin_ws/devel/share/gennodejs/ros/vision_msgs/msg/VisionRect.js
Symlinking /home/pc-proyecto/Manipulacion/catkin_ws/devel/include/vision_msgs/TrainObjectResponse.h
Symlinking /home/pc-proyecto/Manipulacion/catkin_ws/devel/include/vision_msgs/GestureSkeletons.h
Symlinking /home/pc-proyecto/Manipulacion/catkin_ws/devel/include/vision_msgs/HandSkeletonPos.h
Symlinking /home/pc-proyecto/Manipulacion/catkin_ws/devel/include/vision_msgs/FindLines.h
Symlinking /home/pc-proyecto/Manipulacion/catkin_ws/devel/include/vision_msgs/Cube.h
Symlinking /home/pc-proyecto/Manipulacion/catkin_ws/devel/include/vision_msgs/GetCubesRequest.h
Symlinking /home/pc-proyecto/Manipulacion/catkin_ws/devel/include/vision_msgs/VisionObjectList.h
Symlinking /home/pc-proyecto/Manipulacion/catkin_ws/devel/include/vision_msgs/TrainObject.h
Symlinking /home/pc-proyecto/Manipulacion/catkin_ws/devel/include/vision_msgs/CubesSegmented.h
Symlinking /home/pc-proyecto/Manipulacion/catkin_ws/devel/include/vision_msgs/GetFacesFromImage.h
Symlinking /home/pc-proyecto/Manipulacion/catkin_ws/devel/include/vision_msgs/FindPlaneRequest.h
Symlinking /home/pc-proyecto/Manipulacion/catkin_ws/devel/include/vision_msgs/FindWavingResponse.h
Symlinking /home/pc-proyecto/Manipulacion/catkin_ws/devel/include/vision_msgs/FaceRecognitionRequest.h
Symlinking /home/pc-proyecto/Manipulacion/catkin_ws/devel/include/vision_msgs/SkeletonJoint.h
Symlinking /home/pc-proyecto/Manipulacion/catkin_ws/devel/include/vision_msgs/DetectObjects.h
Symlinking /home/pc-proyecto/Manipulacion/catkin_ws/devel/include/vision_msgs/GetPanoramicResponse.h
Symlinking /home/pc-proyecto/Manipulacion/catkin_ws/devel/include/vision_msgs/Skeleton.h
Symlinking /home/pc-proyecto/Manipulacion/catkin_ws/devel/include/vision_msgs/RecognizeObjectsRequest.h
Symlinking /home/pc-proyecto/Manipulacion/catkin_ws/devel/include/vision_msgs/RecognizeObjectResponse.h
Symlinking /home/pc-proyecto/Manipulacion/catkin_ws/devel/include/vision_msgs/GetFacesFromImageResponse.h
Symlinking /home/pc-proyecto/Manipulacion/catkin_ws/devel/include/vision_msgs/DetectObjectsResponse.h
Symlinking /home/pc-proyecto/Manipulacion/catkin_ws/devel/include/vision_msgs/FaceRecognition.h
Symlinking /home/pc-proyecto/Manipulacion/catkin_ws/devel/include/vision_msgs/RecognizeObject.h
Symlinking /home/pc-proyecto/Manipulacion/catkin_ws/devel/include/vision_msgs/GetFacesFromImageRequest.h
Symlinking /home/pc-proyecto/Manipulacion/catkin_ws/devel/include/vision_msgs/DetectGripper.h
Symlinking /home/pc-proyecto/Manipulacion/catkin_ws/devel/include/vision_msgs/RecognizeObjectRequest.h
Symlinking /home/pc-proyecto/Manipulacion/catkin_ws/devel/include/vision_msgs/GetCubes.h
Symlinking /home/pc-proyecto/Manipulacion/catkin_ws/devel/include/vision_msgs/DetectObjectsRequest.h
Symlinking /home/pc-proyecto/Manipulacion/catkin_ws/devel/include/vision_msgs/FindPlaneResponse.h
Symlinking /home/pc-proyecto/Manipulacion/catkin_ws/devel/include/vision_msgs/VisionFaceObjects.h
Symlinking /home/pc-proyecto/Manipulacion/catkin_ws/devel/include/vision_msgs/VisionRect.h
Symlinking /home/pc-proyecto/Manipulacion/catkin_ws/devel/include/vision_msgs/TrackedObject.h
Symlinking /home/pc-proyecto/Manipulacion/catkin_ws/devel/include/vision_msgs/VisionObject.h
Symlinking /home/pc-proyecto/Manipulacion/catkin_ws/devel/include/vision_msgs/TrainObjectRequest.h
Symlinking /home/pc-proyecto/Manipulacion/catkin_ws/devel/include/vision_msgs/FindLinesResponse.h
Symlinking /home/pc-proyecto/Manipulacion/catkin_ws/devel/include/vision_msgs/VisionFaceTrainObject.h
Symlinking /home/pc-proyecto/Manipulacion/catkin_ws/devel/include/vision_msgs/GestureSkeleton.h
Symlinking /home/pc-proyecto/Manipulacion/catkin_ws/devel/include/vision_msgs/VisionFaceObject.h
Symlinking /home/pc-proyecto/Manipulacion/catkin_ws/devel/include/vision_msgs/Skeletons.h
Symlinking /home/pc-proyecto/Manipulacion/catkin_ws/devel/include/vision_msgs/FindPlane.h
Symlinking /home/pc-proyecto/Manipulacion/catkin_ws/devel/include/vision_msgs/FindWaving.h
Symlinking /home/pc-proyecto/Manipulacion/catkin_ws/devel/include/vision_msgs/GetThermalAngle.h
Symlinking /home/pc-proyecto/Manipulacion/catkin_ws/devel/include/vision_msgs/DetectGripperRequest.h
Symlinking /home/pc-proyecto/Manipulacion/catkin_ws/devel/include/vision_msgs/GetPanoramic.h
Symlinking /home/pc-proyecto/Manipulacion/catkin_ws/devel/include/vision_msgs/FindLinesRequest.h
Symlinking /home/pc-proyecto/Manipulacion/catkin_ws/devel/include/vision_msgs/RecognizeObjects.h
Symlinking /home/pc-proyecto/Manipulacion/catkin_ws/devel/include/vision_msgs/DetectGripperResponse.h
Symlinking /home/pc-proyecto/Manipulacion/catkin_ws/devel/include/vision_msgs/GetThermalAngleResponse.h
Symlinking /home/pc-proyecto/Manipulacion/catkin_ws/devel/include/vision_msgs/VisionPlane.h
Symlinking /home/pc-proyecto/Manipulacion/catkin_ws/devel/include/vision_msgs/GetThermalAngleRequest.h
Symlinking /home/pc-proyecto/Manipulacion/catkin_ws/devel/include/vision_msgs/GetCubesResponse.h
Symlinking /home/pc-proyecto/Manipulacion/catkin_ws/devel/include/vision_msgs/FindWavingRequest.h
Symlinking /home/pc-proyecto/Manipulacion/catkin_ws/devel/include/vision_msgs/RecognizeObjectsResponse.h
Symlinking /home/pc-proyecto/Manipulacion/catkin_ws/devel/include/vision_msgs/GetPanoramicRequest.h
Symlinking /home/pc-proyecto/Manipulacion/catkin_ws/devel/include/vision_msgs/FaceRecognitionResponse.h
