Linked: (/home/pc-proyecto/Manipulacion/catkin_ws/devel/.private/vision_msgs/lib/python2.7/dist-packages/vision_msgs/__init__.py, /home/pc-proyecto/Manipulacion/catkin_ws/devel/lib/python2.7/dist-packages/vision_msgs/__init__.py)
Linked: (/home/pc-proyecto/Manipulacion/catkin_ws/devel/.private/vision_msgs/lib/python2.7/dist-packages/vision_msgs/srv/_FindWaving.py, /home/pc-proyecto/Manipulacion/catkin_ws/devel/lib/python2.7/dist-packages/vision_msgs/srv/_FindWaving.py)
Linked: (/home/pc-proyecto/Manipulacion/catkin_ws/devel/.private/vision_msgs/lib/python2.7/dist-packages/vision_msgs/srv/_GetPanoramic.py, /home/pc-proyecto/Manipulacion/catkin_ws/devel/lib/python2.7/dist-packages/vision_msgs/srv/_GetPanoramic.py)
Linked: (/home/pc-proyecto/Manipulacion/catkin_ws/devel/.private/vision_msgs/lib/python2.7/dist-packages/vision_msgs/srv/_DetectGripper.py, /home/pc-proyecto/Manipulacion/catkin_ws/devel/lib/python2.7/dist-packages/vision_msgs/srv/_DetectGripper.py)
Linked: (/home/pc-proyecto/Manipulacion/catkin_ws/devel/.private/vision_msgs/lib/python2.7/dist-packages/vision_msgs/srv/_DetectObjects.py, /home/pc-proyecto/Manipulacion/catkin_ws/devel/lib/python2.7/dist-packages/vision_msgs/srv/_DetectObjects.py)
Linked: (/home/pc-proyecto/Manipulacion/catkin_ws/devel/.private/vision_msgs/lib/python2.7/dist-packages/vision_msgs/srv/_FaceRecognition.py, /home/pc-proyecto/Manipulacion/catkin_ws/devel/lib/python2.7/dist-packages/vision_msgs/srv/_FaceRecognition.py)
Linked: (/home/pc-proyecto/Manipulacion/catkin_ws/devel/.private/vision_msgs/lib/python2.7/dist-packages/vision_msgs/srv/__init__.py, /home/pc-proyecto/Manipulacion/catkin_ws/devel/lib/python2.7/dist-packages/vision_msgs/srv/__init__.py)
Linked: (/home/pc-proyecto/Manipulacion/catkin_ws/devel/.private/vision_msgs/lib/python2.7/dist-packages/vision_msgs/srv/_GetFacesFromImage.py, /home/pc-proyecto/Manipulacion/catkin_ws/devel/lib/python2.7/dist-packages/vision_msgs/srv/_GetFacesFromImage.py)
Linked: (/home/pc-proyecto/Manipulacion/catkin_ws/devel/.private/vision_msgs/lib/python2.7/dist-packages/vision_msgs/srv/_FindLines.py, /home/pc-proyecto/Manipulacion/catkin_ws/devel/lib/python2.7/dist-packages/vision_msgs/srv/_FindLines.py)
Linked: (/home/pc-proyecto/Manipulacion/catkin_ws/devel/.private/vision_msgs/lib/python2.7/dist-packages/vision_msgs/srv/_RecognizeObjects.py, /home/pc-proyecto/Manipulacion/catkin_ws/devel/lib/python2.7/dist-packages/vision_msgs/srv/_RecognizeObjects.py)
Linked: (/home/pc-proyecto/Manipulacion/catkin_ws/devel/.private/vision_msgs/lib/python2.7/dist-packages/vision_msgs/srv/_RecognizeObject.py, /home/pc-proyecto/Manipulacion/catkin_ws/devel/lib/python2.7/dist-packages/vision_msgs/srv/_RecognizeObject.py)
Linked: (/home/pc-proyecto/Manipulacion/catkin_ws/devel/.private/vision_msgs/lib/python2.7/dist-packages/vision_msgs/srv/_GetCubes.py, /home/pc-proyecto/Manipulacion/catkin_ws/devel/lib/python2.7/dist-packages/vision_msgs/srv/_GetCubes.py)
Linked: (/home/pc-proyecto/Manipulacion/catkin_ws/devel/.private/vision_msgs/lib/python2.7/dist-packages/vision_msgs/srv/_GetThermalAngle.py, /home/pc-proyecto/Manipulacion/catkin_ws/devel/lib/python2.7/dist-packages/vision_msgs/srv/_GetThermalAngle.py)
Linked: (/home/pc-proyecto/Manipulacion/catkin_ws/devel/.private/vision_msgs/lib/python2.7/dist-packages/vision_msgs/srv/_TrainObject.py, /home/pc-proyecto/Manipulacion/catkin_ws/devel/lib/python2.7/dist-packages/vision_msgs/srv/_TrainObject.py)
Linked: (/home/pc-proyecto/Manipulacion/catkin_ws/devel/.private/vision_msgs/lib/python2.7/dist-packages/vision_msgs/srv/_FindPlane.py, /home/pc-proyecto/Manipulacion/catkin_ws/devel/lib/python2.7/dist-packages/vision_msgs/srv/_FindPlane.py)
Linked: (/home/pc-proyecto/Manipulacion/catkin_ws/devel/.private/vision_msgs/lib/python2.7/dist-packages/vision_msgs/msg/_VisionFaceObjects.py, /home/pc-proyecto/Manipulacion/catkin_ws/devel/lib/python2.7/dist-packages/vision_msgs/msg/_VisionFaceObjects.py)
Linked: (/home/pc-proyecto/Manipulacion/catkin_ws/devel/.private/vision_msgs/lib/python2.7/dist-packages/vision_msgs/msg/_VisionPlane.py, /home/pc-proyecto/Manipulacion/catkin_ws/devel/lib/python2.7/dist-packages/vision_msgs/msg/_VisionPlane.py)
Linked: (/home/pc-proyecto/Manipulacion/catkin_ws/devel/.private/vision_msgs/lib/python2.7/dist-packages/vision_msgs/msg/_TrackedObject.py, /home/pc-proyecto/Manipulacion/catkin_ws/devel/lib/python2.7/dist-packages/vision_msgs/msg/_TrackedObject.py)
Linked: (/home/pc-proyecto/Manipulacion/catkin_ws/devel/.private/vision_msgs/lib/python2.7/dist-packages/vision_msgs/msg/_GestureSkeleton.py, /home/pc-proyecto/Manipulacion/catkin_ws/devel/lib/python2.7/dist-packages/vision_msgs/msg/_GestureSkeleton.py)
Linked: (/home/pc-proyecto/Manipulacion/catkin_ws/devel/.private/vision_msgs/lib/python2.7/dist-packages/vision_msgs/msg/_Skeleton.py, /home/pc-proyecto/Manipulacion/catkin_ws/devel/lib/python2.7/dist-packages/vision_msgs/msg/_Skeleton.py)
Linked: (/home/pc-proyecto/Manipulacion/catkin_ws/devel/.private/vision_msgs/lib/python2.7/dist-packages/vision_msgs/msg/_VisionFaceTrainObject.py, /home/pc-proyecto/Manipulacion/catkin_ws/devel/lib/python2.7/dist-packages/vision_msgs/msg/_VisionFaceTrainObject.py)
Linked: (/home/pc-proyecto/Manipulacion/catkin_ws/devel/.private/vision_msgs/lib/python2.7/dist-packages/vision_msgs/msg/_Cube.py, /home/pc-proyecto/Manipulacion/catkin_ws/devel/lib/python2.7/dist-packages/vision_msgs/msg/_Cube.py)
Linked: (/home/pc-proyecto/Manipulacion/catkin_ws/devel/.private/vision_msgs/lib/python2.7/dist-packages/vision_msgs/msg/__init__.py, /home/pc-proyecto/Manipulacion/catkin_ws/devel/lib/python2.7/dist-packages/vision_msgs/msg/__init__.py)
Linked: (/home/pc-proyecto/Manipulacion/catkin_ws/devel/.private/vision_msgs/lib/python2.7/dist-packages/vision_msgs/msg/_Skeletons.py, /home/pc-proyecto/Manipulacion/catkin_ws/devel/lib/python2.7/dist-packages/vision_msgs/msg/_Skeletons.py)
Linked: (/home/pc-proyecto/Manipulacion/catkin_ws/devel/.private/vision_msgs/lib/python2.7/dist-packages/vision_msgs/msg/_VisionFaceObject.py, /home/pc-proyecto/Manipulacion/catkin_ws/devel/lib/python2.7/dist-packages/vision_msgs/msg/_VisionFaceObject.py)
Linked: (/home/pc-proyecto/Manipulacion/catkin_ws/devel/.private/vision_msgs/lib/python2.7/dist-packages/vision_msgs/msg/_SkeletonJoint.py, /home/pc-proyecto/Manipulacion/catkin_ws/devel/lib/python2.7/dist-packages/vision_msgs/msg/_SkeletonJoint.py)
Linked: (/home/pc-proyecto/Manipulacion/catkin_ws/devel/.private/vision_msgs/lib/python2.7/dist-packages/vision_msgs/msg/_VisionObjectList.py, /home/pc-proyecto/Manipulacion/catkin_ws/devel/lib/python2.7/dist-packages/vision_msgs/msg/_VisionObjectList.py)
Linked: (/home/pc-proyecto/Manipulacion/catkin_ws/devel/.private/vision_msgs/lib/python2.7/dist-packages/vision_msgs/msg/_VisionObject.py, /home/pc-proyecto/Manipulacion/catkin_ws/devel/lib/python2.7/dist-packages/vision_msgs/msg/_VisionObject.py)
Linked: (/home/pc-proyecto/Manipulacion/catkin_ws/devel/.private/vision_msgs/lib/python2.7/dist-packages/vision_msgs/msg/_VisionRect.py, /home/pc-proyecto/Manipulacion/catkin_ws/devel/lib/python2.7/dist-packages/vision_msgs/msg/_VisionRect.py)
Linked: (/home/pc-proyecto/Manipulacion/catkin_ws/devel/.private/vision_msgs/lib/python2.7/dist-packages/vision_msgs/msg/_GestureSkeletons.py, /home/pc-proyecto/Manipulacion/catkin_ws/devel/lib/python2.7/dist-packages/vision_msgs/msg/_GestureSkeletons.py)
Linked: (/home/pc-proyecto/Manipulacion/catkin_ws/devel/.private/vision_msgs/lib/python2.7/dist-packages/vision_msgs/msg/_CubesSegmented.py, /home/pc-proyecto/Manipulacion/catkin_ws/devel/lib/python2.7/dist-packages/vision_msgs/msg/_CubesSegmented.py)
Linked: (/home/pc-proyecto/Manipulacion/catkin_ws/devel/.private/vision_msgs/lib/python2.7/dist-packages/vision_msgs/msg/_HandSkeletonPos.py, /home/pc-proyecto/Manipulacion/catkin_ws/devel/lib/python2.7/dist-packages/vision_msgs/msg/_HandSkeletonPos.py)
Linked: (/home/pc-proyecto/Manipulacion/catkin_ws/devel/.private/vision_msgs/lib/pkgconfig/vision_msgs.pc, /home/pc-proyecto/Manipulacion/catkin_ws/devel/lib/pkgconfig/vision_msgs.pc)
Linked: (/home/pc-proyecto/Manipulacion/catkin_ws/devel/.private/vision_msgs/share/common-lisp/ros/vision_msgs/srv/_package_GetPanoramic.lisp, /home/pc-proyecto/Manipulacion/catkin_ws/devel/share/common-lisp/ros/vision_msgs/srv/_package_GetPanoramic.lisp)
Linked: (/home/pc-proyecto/Manipulacion/catkin_ws/devel/.private/vision_msgs/share/common-lisp/ros/vision_msgs/srv/FindLines.lisp, /home/pc-proyecto/Manipulacion/catkin_ws/devel/share/common-lisp/ros/vision_msgs/srv/FindLines.lisp)
Linked: (/home/pc-proyecto/Manipulacion/catkin_ws/devel/.private/vision_msgs/share/common-lisp/ros/vision_msgs/srv/DetectGripper.lisp, /home/pc-proyecto/Manipulacion/catkin_ws/devel/share/common-lisp/ros/vision_msgs/srv/DetectGripper.lisp)
Linked: (/home/pc-proyecto/Manipulacion/catkin_ws/devel/.private/vision_msgs/share/common-lisp/ros/vision_msgs/srv/_package.lisp, /home/pc-proyecto/Manipulacion/catkin_ws/devel/share/common-lisp/ros/vision_msgs/srv/_package.lisp)
Linked: (/home/pc-proyecto/Manipulacion/catkin_ws/devel/.private/vision_msgs/share/common-lisp/ros/vision_msgs/srv/_package_RecognizeObject.lisp, /home/pc-proyecto/Manipulacion/catkin_ws/devel/share/common-lisp/ros/vision_msgs/srv/_package_RecognizeObject.lisp)
Linked: (/home/pc-proyecto/Manipulacion/catkin_ws/devel/.private/vision_msgs/share/common-lisp/ros/vision_msgs/srv/_package_DetectGripper.lisp, /home/pc-proyecto/Manipulacion/catkin_ws/devel/share/common-lisp/ros/vision_msgs/srv/_package_DetectGripper.lisp)
Linked: (/home/pc-proyecto/Manipulacion/catkin_ws/devel/.private/vision_msgs/share/common-lisp/ros/vision_msgs/srv/DetectObjects.lisp, /home/pc-proyecto/Manipulacion/catkin_ws/devel/share/common-lisp/ros/vision_msgs/srv/DetectObjects.lisp)
Linked: (/home/pc-proyecto/Manipulacion/catkin_ws/devel/.private/vision_msgs/share/common-lisp/ros/vision_msgs/srv/GetCubes.lisp, /home/pc-proyecto/Manipulacion/catkin_ws/devel/share/common-lisp/ros/vision_msgs/srv/GetCubes.lisp)
Linked: (/home/pc-proyecto/Manipulacion/catkin_ws/devel/.private/vision_msgs/share/common-lisp/ros/vision_msgs/srv/GetThermalAngle.lisp, /home/pc-proyecto/Manipulacion/catkin_ws/devel/share/common-lisp/ros/vision_msgs/srv/GetThermalAngle.lisp)
Linked: (/home/pc-proyecto/Manipulacion/catkin_ws/devel/.private/vision_msgs/share/common-lisp/ros/vision_msgs/srv/GetFacesFromImage.lisp, /home/pc-proyecto/Manipulacion/catkin_ws/devel/share/common-lisp/ros/vision_msgs/srv/GetFacesFromImage.lisp)
Linked: (/home/pc-proyecto/Manipulacion/catkin_ws/devel/.private/vision_msgs/share/common-lisp/ros/vision_msgs/srv/GetPanoramic.lisp, /home/pc-proyecto/Manipulacion/catkin_ws/devel/share/common-lisp/ros/vision_msgs/srv/GetPanoramic.lisp)
Linked: (/home/pc-proyecto/Manipulacion/catkin_ws/devel/.private/vision_msgs/share/common-lisp/ros/vision_msgs/srv/FaceRecognition.lisp, /home/pc-proyecto/Manipulacion/catkin_ws/devel/share/common-lisp/ros/vision_msgs/srv/FaceRecognition.lisp)
Linked: (/home/pc-proyecto/Manipulacion/catkin_ws/devel/.private/vision_msgs/share/common-lisp/ros/vision_msgs/srv/_package_DetectObjects.lisp, /home/pc-proyecto/Manipulacion/catkin_ws/devel/share/common-lisp/ros/vision_msgs/srv/_package_DetectObjects.lisp)
Linked: (/home/pc-proyecto/Manipulacion/catkin_ws/devel/.private/vision_msgs/share/common-lisp/ros/vision_msgs/srv/_package_GetThermalAngle.lisp, /home/pc-proyecto/Manipulacion/catkin_ws/devel/share/common-lisp/ros/vision_msgs/srv/_package_GetThermalAngle.lisp)
Linked: (/home/pc-proyecto/Manipulacion/catkin_ws/devel/.private/vision_msgs/share/common-lisp/ros/vision_msgs/srv/_package_RecognizeObjects.lisp, /home/pc-proyecto/Manipulacion/catkin_ws/devel/share/common-lisp/ros/vision_msgs/srv/_package_RecognizeObjects.lisp)
Linked: (/home/pc-proyecto/Manipulacion/catkin_ws/devel/.private/vision_msgs/share/common-lisp/ros/vision_msgs/srv/_package_TrainObject.lisp, /home/pc-proyecto/Manipulacion/catkin_ws/devel/share/common-lisp/ros/vision_msgs/srv/_package_TrainObject.lisp)
Linked: (/home/pc-proyecto/Manipulacion/catkin_ws/devel/.private/vision_msgs/share/common-lisp/ros/vision_msgs/srv/FindWaving.lisp, /home/pc-proyecto/Manipulacion/catkin_ws/devel/share/common-lisp/ros/vision_msgs/srv/FindWaving.lisp)
Linked: (/home/pc-proyecto/Manipulacion/catkin_ws/devel/.private/vision_msgs/share/common-lisp/ros/vision_msgs/srv/RecognizeObject.lisp, /home/pc-proyecto/Manipulacion/catkin_ws/devel/share/common-lisp/ros/vision_msgs/srv/RecognizeObject.lisp)
Linked: (/home/pc-proyecto/Manipulacion/catkin_ws/devel/.private/vision_msgs/share/common-lisp/ros/vision_msgs/srv/_package_GetCubes.lisp, /home/pc-proyecto/Manipulacion/catkin_ws/devel/share/common-lisp/ros/vision_msgs/srv/_package_GetCubes.lisp)
Linked: (/home/pc-proyecto/Manipulacion/catkin_ws/devel/.private/vision_msgs/share/common-lisp/ros/vision_msgs/srv/TrainObject.lisp, /home/pc-proyecto/Manipulacion/catkin_ws/devel/share/common-lisp/ros/vision_msgs/srv/TrainObject.lisp)
Linked: (/home/pc-proyecto/Manipulacion/catkin_ws/devel/.private/vision_msgs/share/common-lisp/ros/vision_msgs/srv/vision_msgs-srv.asd, /home/pc-proyecto/Manipulacion/catkin_ws/devel/share/common-lisp/ros/vision_msgs/srv/vision_msgs-srv.asd)
Linked: (/home/pc-proyecto/Manipulacion/catkin_ws/devel/.private/vision_msgs/share/common-lisp/ros/vision_msgs/srv/_package_FindWaving.lisp, /home/pc-proyecto/Manipulacion/catkin_ws/devel/share/common-lisp/ros/vision_msgs/srv/_package_FindWaving.lisp)
Linked: (/home/pc-proyecto/Manipulacion/catkin_ws/devel/.private/vision_msgs/share/common-lisp/ros/vision_msgs/srv/FindPlane.lisp, /home/pc-proyecto/Manipulacion/catkin_ws/devel/share/common-lisp/ros/vision_msgs/srv/FindPlane.lisp)
Linked: (/home/pc-proyecto/Manipulacion/catkin_ws/devel/.private/vision_msgs/share/common-lisp/ros/vision_msgs/srv/_package_FindLines.lisp, /home/pc-proyecto/Manipulacion/catkin_ws/devel/share/common-lisp/ros/vision_msgs/srv/_package_FindLines.lisp)
Linked: (/home/pc-proyecto/Manipulacion/catkin_ws/devel/.private/vision_msgs/share/common-lisp/ros/vision_msgs/srv/_package_GetFacesFromImage.lisp, /home/pc-proyecto/Manipulacion/catkin_ws/devel/share/common-lisp/ros/vision_msgs/srv/_package_GetFacesFromImage.lisp)
Linked: (/home/pc-proyecto/Manipulacion/catkin_ws/devel/.private/vision_msgs/share/common-lisp/ros/vision_msgs/srv/_package_FindPlane.lisp, /home/pc-proyecto/Manipulacion/catkin_ws/devel/share/common-lisp/ros/vision_msgs/srv/_package_FindPlane.lisp)
Linked: (/home/pc-proyecto/Manipulacion/catkin_ws/devel/.private/vision_msgs/share/common-lisp/ros/vision_msgs/srv/RecognizeObjects.lisp, /home/pc-proyecto/Manipulacion/catkin_ws/devel/share/common-lisp/ros/vision_msgs/srv/RecognizeObjects.lisp)
Linked: (/home/pc-proyecto/Manipulacion/catkin_ws/devel/.private/vision_msgs/share/common-lisp/ros/vision_msgs/srv/_package_FaceRecognition.lisp, /home/pc-proyecto/Manipulacion/catkin_ws/devel/share/common-lisp/ros/vision_msgs/srv/_package_FaceRecognition.lisp)
Linked: (/home/pc-proyecto/Manipulacion/catkin_ws/devel/.private/vision_msgs/share/common-lisp/ros/vision_msgs/msg/SkeletonJoint.lisp, /home/pc-proyecto/Manipulacion/catkin_ws/devel/share/common-lisp/ros/vision_msgs/msg/SkeletonJoint.lisp)
Linked: (/home/pc-proyecto/Manipulacion/catkin_ws/devel/.private/vision_msgs/share/common-lisp/ros/vision_msgs/msg/_package_TrackedObject.lisp, /home/pc-proyecto/Manipulacion/catkin_ws/devel/share/common-lisp/ros/vision_msgs/msg/_package_TrackedObject.lisp)
Linked: (/home/pc-proyecto/Manipulacion/catkin_ws/devel/.private/vision_msgs/share/common-lisp/ros/vision_msgs/msg/CubesSegmented.lisp, /home/pc-proyecto/Manipulacion/catkin_ws/devel/share/common-lisp/ros/vision_msgs/msg/CubesSegmented.lisp)
Linked: (/home/pc-proyecto/Manipulacion/catkin_ws/devel/.private/vision_msgs/share/common-lisp/ros/vision_msgs/msg/GestureSkeletons.lisp, /home/pc-proyecto/Manipulacion/catkin_ws/devel/share/common-lisp/ros/vision_msgs/msg/GestureSkeletons.lisp)
Linked: (/home/pc-proyecto/Manipulacion/catkin_ws/devel/.private/vision_msgs/share/common-lisp/ros/vision_msgs/msg/TrackedObject.lisp, /home/pc-proyecto/Manipulacion/catkin_ws/devel/share/common-lisp/ros/vision_msgs/msg/TrackedObject.lisp)
Linked: (/home/pc-proyecto/Manipulacion/catkin_ws/devel/.private/vision_msgs/share/common-lisp/ros/vision_msgs/msg/Skeleton.lisp, /home/pc-proyecto/Manipulacion/catkin_ws/devel/share/common-lisp/ros/vision_msgs/msg/Skeleton.lisp)
Linked: (/home/pc-proyecto/Manipulacion/catkin_ws/devel/.private/vision_msgs/share/common-lisp/ros/vision_msgs/msg/_package.lisp, /home/pc-proyecto/Manipulacion/catkin_ws/devel/share/common-lisp/ros/vision_msgs/msg/_package.lisp)
Linked: (/home/pc-proyecto/Manipulacion/catkin_ws/devel/.private/vision_msgs/share/common-lisp/ros/vision_msgs/msg/_package_VisionRect.lisp, /home/pc-proyecto/Manipulacion/catkin_ws/devel/share/common-lisp/ros/vision_msgs/msg/_package_VisionRect.lisp)
Linked: (/home/pc-proyecto/Manipulacion/catkin_ws/devel/.private/vision_msgs/share/common-lisp/ros/vision_msgs/msg/VisionFaceObjects.lisp, /home/pc-proyecto/Manipulacion/catkin_ws/devel/share/common-lisp/ros/vision_msgs/msg/VisionFaceObjects.lisp)
Linked: (/home/pc-proyecto/Manipulacion/catkin_ws/devel/.private/vision_msgs/share/common-lisp/ros/vision_msgs/msg/GestureSkeleton.lisp, /home/pc-proyecto/Manipulacion/catkin_ws/devel/share/common-lisp/ros/vision_msgs/msg/GestureSkeleton.lisp)
Linked: (/home/pc-proyecto/Manipulacion/catkin_ws/devel/.private/vision_msgs/share/common-lisp/ros/vision_msgs/msg/Cube.lisp, /home/pc-proyecto/Manipulacion/catkin_ws/devel/share/common-lisp/ros/vision_msgs/msg/Cube.lisp)
Linked: (/home/pc-proyecto/Manipulacion/catkin_ws/devel/.private/vision_msgs/share/common-lisp/ros/vision_msgs/msg/_package_Cube.lisp, /home/pc-proyecto/Manipulacion/catkin_ws/devel/share/common-lisp/ros/vision_msgs/msg/_package_Cube.lisp)
Linked: (/home/pc-proyecto/Manipulacion/catkin_ws/devel/.private/vision_msgs/share/common-lisp/ros/vision_msgs/msg/_package_SkeletonJoint.lisp, /home/pc-proyecto/Manipulacion/catkin_ws/devel/share/common-lisp/ros/vision_msgs/msg/_package_SkeletonJoint.lisp)
Linked: (/home/pc-proyecto/Manipulacion/catkin_ws/devel/.private/vision_msgs/share/common-lisp/ros/vision_msgs/msg/Skeletons.lisp, /home/pc-proyecto/Manipulacion/catkin_ws/devel/share/common-lisp/ros/vision_msgs/msg/Skeletons.lisp)
Linked: (/home/pc-proyecto/Manipulacion/catkin_ws/devel/.private/vision_msgs/share/common-lisp/ros/vision_msgs/msg/_package_VisionObject.lisp, /home/pc-proyecto/Manipulacion/catkin_ws/devel/share/common-lisp/ros/vision_msgs/msg/_package_VisionObject.lisp)
Linked: (/home/pc-proyecto/Manipulacion/catkin_ws/devel/.private/vision_msgs/share/common-lisp/ros/vision_msgs/msg/_package_GestureSkeletons.lisp, /home/pc-proyecto/Manipulacion/catkin_ws/devel/share/common-lisp/ros/vision_msgs/msg/_package_GestureSkeletons.lisp)
Linked: (/home/pc-proyecto/Manipulacion/catkin_ws/devel/.private/vision_msgs/share/common-lisp/ros/vision_msgs/msg/HandSkeletonPos.lisp, /home/pc-proyecto/Manipulacion/catkin_ws/devel/share/common-lisp/ros/vision_msgs/msg/HandSkeletonPos.lisp)
Linked: (/home/pc-proyecto/Manipulacion/catkin_ws/devel/.private/vision_msgs/share/common-lisp/ros/vision_msgs/msg/VisionRect.lisp, /home/pc-proyecto/Manipulacion/catkin_ws/devel/share/common-lisp/ros/vision_msgs/msg/VisionRect.lisp)
Linked: (/home/pc-proyecto/Manipulacion/catkin_ws/devel/.private/vision_msgs/share/common-lisp/ros/vision_msgs/msg/_package_CubesSegmented.lisp, /home/pc-proyecto/Manipulacion/catkin_ws/devel/share/common-lisp/ros/vision_msgs/msg/_package_CubesSegmented.lisp)
Linked: (/home/pc-proyecto/Manipulacion/catkin_ws/devel/.private/vision_msgs/share/common-lisp/ros/vision_msgs/msg/_package_VisionObjectList.lisp, /home/pc-proyecto/Manipulacion/catkin_ws/devel/share/common-lisp/ros/vision_msgs/msg/_package_VisionObjectList.lisp)
Linked: (/home/pc-proyecto/Manipulacion/catkin_ws/devel/.private/vision_msgs/share/common-lisp/ros/vision_msgs/msg/_package_VisionFaceObjects.lisp, /home/pc-proyecto/Manipulacion/catkin_ws/devel/share/common-lisp/ros/vision_msgs/msg/_package_VisionFaceObjects.lisp)
Linked: (/home/pc-proyecto/Manipulacion/catkin_ws/devel/.private/vision_msgs/share/common-lisp/ros/vision_msgs/msg/_package_VisionFaceTrainObject.lisp, /home/pc-proyecto/Manipulacion/catkin_ws/devel/share/common-lisp/ros/vision_msgs/msg/_package_VisionFaceTrainObject.lisp)
Linked: (/home/pc-proyecto/Manipulacion/catkin_ws/devel/.private/vision_msgs/share/common-lisp/ros/vision_msgs/msg/VisionFaceTrainObject.lisp, /home/pc-proyecto/Manipulacion/catkin_ws/devel/share/common-lisp/ros/vision_msgs/msg/VisionFaceTrainObject.lisp)
Linked: (/home/pc-proyecto/Manipulacion/catkin_ws/devel/.private/vision_msgs/share/common-lisp/ros/vision_msgs/msg/VisionPlane.lisp, /home/pc-proyecto/Manipulacion/catkin_ws/devel/share/common-lisp/ros/vision_msgs/msg/VisionPlane.lisp)
Linked: (/home/pc-proyecto/Manipulacion/catkin_ws/devel/.private/vision_msgs/share/common-lisp/ros/vision_msgs/msg/_package_VisionFaceObject.lisp, /home/pc-proyecto/Manipulacion/catkin_ws/devel/share/common-lisp/ros/vision_msgs/msg/_package_VisionFaceObject.lisp)
Linked: (/home/pc-proyecto/Manipulacion/catkin_ws/devel/.private/vision_msgs/share/common-lisp/ros/vision_msgs/msg/_package_Skeletons.lisp, /home/pc-proyecto/Manipulacion/catkin_ws/devel/share/common-lisp/ros/vision_msgs/msg/_package_Skeletons.lisp)
Linked: (/home/pc-proyecto/Manipulacion/catkin_ws/devel/.private/vision_msgs/share/common-lisp/ros/vision_msgs/msg/_package_Skeleton.lisp, /home/pc-proyecto/Manipulacion/catkin_ws/devel/share/common-lisp/ros/vision_msgs/msg/_package_Skeleton.lisp)
Linked: (/home/pc-proyecto/Manipulacion/catkin_ws/devel/.private/vision_msgs/share/common-lisp/ros/vision_msgs/msg/VisionObject.lisp, /home/pc-proyecto/Manipulacion/catkin_ws/devel/share/common-lisp/ros/vision_msgs/msg/VisionObject.lisp)
Linked: (/home/pc-proyecto/Manipulacion/catkin_ws/devel/.private/vision_msgs/share/common-lisp/ros/vision_msgs/msg/VisionObjectList.lisp, /home/pc-proyecto/Manipulacion/catkin_ws/devel/share/common-lisp/ros/vision_msgs/msg/VisionObjectList.lisp)
Linked: (/home/pc-proyecto/Manipulacion/catkin_ws/devel/.private/vision_msgs/share/common-lisp/ros/vision_msgs/msg/_package_VisionPlane.lisp, /home/pc-proyecto/Manipulacion/catkin_ws/devel/share/common-lisp/ros/vision_msgs/msg/_package_VisionPlane.lisp)
Linked: (/home/pc-proyecto/Manipulacion/catkin_ws/devel/.private/vision_msgs/share/common-lisp/ros/vision_msgs/msg/VisionFaceObject.lisp, /home/pc-proyecto/Manipulacion/catkin_ws/devel/share/common-lisp/ros/vision_msgs/msg/VisionFaceObject.lisp)
Linked: (/home/pc-proyecto/Manipulacion/catkin_ws/devel/.private/vision_msgs/share/common-lisp/ros/vision_msgs/msg/vision_msgs-msg.asd, /home/pc-proyecto/Manipulacion/catkin_ws/devel/share/common-lisp/ros/vision_msgs/msg/vision_msgs-msg.asd)
Linked: (/home/pc-proyecto/Manipulacion/catkin_ws/devel/.private/vision_msgs/share/common-lisp/ros/vision_msgs/msg/_package_GestureSkeleton.lisp, /home/pc-proyecto/Manipulacion/catkin_ws/devel/share/common-lisp/ros/vision_msgs/msg/_package_GestureSkeleton.lisp)
Linked: (/home/pc-proyecto/Manipulacion/catkin_ws/devel/.private/vision_msgs/share/common-lisp/ros/vision_msgs/msg/_package_HandSkeletonPos.lisp, /home/pc-proyecto/Manipulacion/catkin_ws/devel/share/common-lisp/ros/vision_msgs/msg/_package_HandSkeletonPos.lisp)
Linked: (/home/pc-proyecto/Manipulacion/catkin_ws/devel/.private/vision_msgs/share/roseus/ros/vision_msgs/manifest.l, /home/pc-proyecto/Manipulacion/catkin_ws/devel/share/roseus/ros/vision_msgs/manifest.l)
Linked: (/home/pc-proyecto/Manipulacion/catkin_ws/devel/.private/vision_msgs/share/roseus/ros/vision_msgs/srv/FindWaving.l, /home/pc-proyecto/Manipulacion/catkin_ws/devel/share/roseus/ros/vision_msgs/srv/FindWaving.l)
Linked: (/home/pc-proyecto/Manipulacion/catkin_ws/devel/.private/vision_msgs/share/roseus/ros/vision_msgs/srv/DetectObjects.l, /home/pc-proyecto/Manipulacion/catkin_ws/devel/share/roseus/ros/vision_msgs/srv/DetectObjects.l)
Linked: (/home/pc-proyecto/Manipulacion/catkin_ws/devel/.private/vision_msgs/share/roseus/ros/vision_msgs/srv/FindLines.l, /home/pc-proyecto/Manipulacion/catkin_ws/devel/share/roseus/ros/vision_msgs/srv/FindLines.l)
Linked: (/home/pc-proyecto/Manipulacion/catkin_ws/devel/.private/vision_msgs/share/roseus/ros/vision_msgs/srv/TrainObject.l, /home/pc-proyecto/Manipulacion/catkin_ws/devel/share/roseus/ros/vision_msgs/srv/TrainObject.l)
Linked: (/home/pc-proyecto/Manipulacion/catkin_ws/devel/.private/vision_msgs/share/roseus/ros/vision_msgs/srv/FindPlane.l, /home/pc-proyecto/Manipulacion/catkin_ws/devel/share/roseus/ros/vision_msgs/srv/FindPlane.l)
Linked: (/home/pc-proyecto/Manipulacion/catkin_ws/devel/.private/vision_msgs/share/roseus/ros/vision_msgs/srv/GetPanoramic.l, /home/pc-proyecto/Manipulacion/catkin_ws/devel/share/roseus/ros/vision_msgs/srv/GetPanoramic.l)
Linked: (/home/pc-proyecto/Manipulacion/catkin_ws/devel/.private/vision_msgs/share/roseus/ros/vision_msgs/srv/RecognizeObject.l, /home/pc-proyecto/Manipulacion/catkin_ws/devel/share/roseus/ros/vision_msgs/srv/RecognizeObject.l)
Linked: (/home/pc-proyecto/Manipulacion/catkin_ws/devel/.private/vision_msgs/share/roseus/ros/vision_msgs/srv/RecognizeObjects.l, /home/pc-proyecto/Manipulacion/catkin_ws/devel/share/roseus/ros/vision_msgs/srv/RecognizeObjects.l)
Linked: (/home/pc-proyecto/Manipulacion/catkin_ws/devel/.private/vision_msgs/share/roseus/ros/vision_msgs/srv/DetectGripper.l, /home/pc-proyecto/Manipulacion/catkin_ws/devel/share/roseus/ros/vision_msgs/srv/DetectGripper.l)
Linked: (/home/pc-proyecto/Manipulacion/catkin_ws/devel/.private/vision_msgs/share/roseus/ros/vision_msgs/srv/GetThermalAngle.l, /home/pc-proyecto/Manipulacion/catkin_ws/devel/share/roseus/ros/vision_msgs/srv/GetThermalAngle.l)
Linked: (/home/pc-proyecto/Manipulacion/catkin_ws/devel/.private/vision_msgs/share/roseus/ros/vision_msgs/srv/GetFacesFromImage.l, /home/pc-proyecto/Manipulacion/catkin_ws/devel/share/roseus/ros/vision_msgs/srv/GetFacesFromImage.l)
Linked: (/home/pc-proyecto/Manipulacion/catkin_ws/devel/.private/vision_msgs/share/roseus/ros/vision_msgs/srv/GetCubes.l, /home/pc-proyecto/Manipulacion/catkin_ws/devel/share/roseus/ros/vision_msgs/srv/GetCubes.l)
Linked: (/home/pc-proyecto/Manipulacion/catkin_ws/devel/.private/vision_msgs/share/roseus/ros/vision_msgs/srv/FaceRecognition.l, /home/pc-proyecto/Manipulacion/catkin_ws/devel/share/roseus/ros/vision_msgs/srv/FaceRecognition.l)
Linked: (/home/pc-proyecto/Manipulacion/catkin_ws/devel/.private/vision_msgs/share/roseus/ros/vision_msgs/msg/VisionPlane.l, /home/pc-proyecto/Manipulacion/catkin_ws/devel/share/roseus/ros/vision_msgs/msg/VisionPlane.l)
Linked: (/home/pc-proyecto/Manipulacion/catkin_ws/devel/.private/vision_msgs/share/roseus/ros/vision_msgs/msg/GestureSkeletons.l, /home/pc-proyecto/Manipulacion/catkin_ws/devel/share/roseus/ros/vision_msgs/msg/GestureSkeletons.l)
Linked: (/home/pc-proyecto/Manipulacion/catkin_ws/devel/.private/vision_msgs/share/roseus/ros/vision_msgs/msg/VisionFaceObject.l, /home/pc-proyecto/Manipulacion/catkin_ws/devel/share/roseus/ros/vision_msgs/msg/VisionFaceObject.l)
Linked: (/home/pc-proyecto/Manipulacion/catkin_ws/devel/.private/vision_msgs/share/roseus/ros/vision_msgs/msg/TrackedObject.l, /home/pc-proyecto/Manipulacion/catkin_ws/devel/share/roseus/ros/vision_msgs/msg/TrackedObject.l)
Linked: (/home/pc-proyecto/Manipulacion/catkin_ws/devel/.private/vision_msgs/share/roseus/ros/vision_msgs/msg/SkeletonJoint.l, /home/pc-proyecto/Manipulacion/catkin_ws/devel/share/roseus/ros/vision_msgs/msg/SkeletonJoint.l)
Linked: (/home/pc-proyecto/Manipulacion/catkin_ws/devel/.private/vision_msgs/share/roseus/ros/vision_msgs/msg/Skeleton.l, /home/pc-proyecto/Manipulacion/catkin_ws/devel/share/roseus/ros/vision_msgs/msg/Skeleton.l)
Linked: (/home/pc-proyecto/Manipulacion/catkin_ws/devel/.private/vision_msgs/share/roseus/ros/vision_msgs/msg/VisionObjectList.l, /home/pc-proyecto/Manipulacion/catkin_ws/devel/share/roseus/ros/vision_msgs/msg/VisionObjectList.l)
Linked: (/home/pc-proyecto/Manipulacion/catkin_ws/devel/.private/vision_msgs/share/roseus/ros/vision_msgs/msg/VisionRect.l, /home/pc-proyecto/Manipulacion/catkin_ws/devel/share/roseus/ros/vision_msgs/msg/VisionRect.l)
Linked: (/home/pc-proyecto/Manipulacion/catkin_ws/devel/.private/vision_msgs/share/roseus/ros/vision_msgs/msg/VisionObject.l, /home/pc-proyecto/Manipulacion/catkin_ws/devel/share/roseus/ros/vision_msgs/msg/VisionObject.l)
Linked: (/home/pc-proyecto/Manipulacion/catkin_ws/devel/.private/vision_msgs/share/roseus/ros/vision_msgs/msg/HandSkeletonPos.l, /home/pc-proyecto/Manipulacion/catkin_ws/devel/share/roseus/ros/vision_msgs/msg/HandSkeletonPos.l)
Linked: (/home/pc-proyecto/Manipulacion/catkin_ws/devel/.private/vision_msgs/share/roseus/ros/vision_msgs/msg/VisionFaceTrainObject.l, /home/pc-proyecto/Manipulacion/catkin_ws/devel/share/roseus/ros/vision_msgs/msg/VisionFaceTrainObject.l)
Linked: (/home/pc-proyecto/Manipulacion/catkin_ws/devel/.private/vision_msgs/share/roseus/ros/vision_msgs/msg/Skeletons.l, /home/pc-proyecto/Manipulacion/catkin_ws/devel/share/roseus/ros/vision_msgs/msg/Skeletons.l)
Linked: (/home/pc-proyecto/Manipulacion/catkin_ws/devel/.private/vision_msgs/share/roseus/ros/vision_msgs/msg/CubesSegmented.l, /home/pc-proyecto/Manipulacion/catkin_ws/devel/share/roseus/ros/vision_msgs/msg/CubesSegmented.l)
Linked: (/home/pc-proyecto/Manipulacion/catkin_ws/devel/.private/vision_msgs/share/roseus/ros/vision_msgs/msg/VisionFaceObjects.l, /home/pc-proyecto/Manipulacion/catkin_ws/devel/share/roseus/ros/vision_msgs/msg/VisionFaceObjects.l)
Linked: (/home/pc-proyecto/Manipulacion/catkin_ws/devel/.private/vision_msgs/share/roseus/ros/vision_msgs/msg/Cube.l, /home/pc-proyecto/Manipulacion/catkin_ws/devel/share/roseus/ros/vision_msgs/msg/Cube.l)
Linked: (/home/pc-proyecto/Manipulacion/catkin_ws/devel/.private/vision_msgs/share/roseus/ros/vision_msgs/msg/GestureSkeleton.l, /home/pc-proyecto/Manipulacion/catkin_ws/devel/share/roseus/ros/vision_msgs/msg/GestureSkeleton.l)
Linked: (/home/pc-proyecto/Manipulacion/catkin_ws/devel/.private/vision_msgs/share/vision_msgs/cmake/vision_msgsConfig.cmake, /home/pc-proyecto/Manipulacion/catkin_ws/devel/share/vision_msgs/cmake/vision_msgsConfig.cmake)
Linked: (/home/pc-proyecto/Manipulacion/catkin_ws/devel/.private/vision_msgs/share/vision_msgs/cmake/vision_msgs-msg-extras.cmake, /home/pc-proyecto/Manipulacion/catkin_ws/devel/share/vision_msgs/cmake/vision_msgs-msg-extras.cmake)
Linked: (/home/pc-proyecto/Manipulacion/catkin_ws/devel/.private/vision_msgs/share/vision_msgs/cmake/vision_msgsConfig-version.cmake, /home/pc-proyecto/Manipulacion/catkin_ws/devel/share/vision_msgs/cmake/vision_msgsConfig-version.cmake)
Linked: (/home/pc-proyecto/Manipulacion/catkin_ws/devel/.private/vision_msgs/share/vision_msgs/cmake/vision_msgs-msg-paths.cmake, /home/pc-proyecto/Manipulacion/catkin_ws/devel/share/vision_msgs/cmake/vision_msgs-msg-paths.cmake)
Linked: (/home/pc-proyecto/Manipulacion/catkin_ws/devel/.private/vision_msgs/share/gennodejs/ros/vision_msgs/_index.js, /home/pc-proyecto/Manipulacion/catkin_ws/devel/share/gennodejs/ros/vision_msgs/_index.js)
Linked: (/home/pc-proyecto/Manipulacion/catkin_ws/devel/.private/vision_msgs/share/gennodejs/ros/vision_msgs/srv/FaceRecognition.js, /home/pc-proyecto/Manipulacion/catkin_ws/devel/share/gennodejs/ros/vision_msgs/srv/FaceRecognition.js)
Linked: (/home/pc-proyecto/Manipulacion/catkin_ws/devel/.private/vision_msgs/share/gennodejs/ros/vision_msgs/srv/TrainObject.js, /home/pc-proyecto/Manipulacion/catkin_ws/devel/share/gennodejs/ros/vision_msgs/srv/TrainObject.js)
Linked: (/home/pc-proyecto/Manipulacion/catkin_ws/devel/.private/vision_msgs/share/gennodejs/ros/vision_msgs/srv/FindLines.js, /home/pc-proyecto/Manipulacion/catkin_ws/devel/share/gennodejs/ros/vision_msgs/srv/FindLines.js)
Linked: (/home/pc-proyecto/Manipulacion/catkin_ws/devel/.private/vision_msgs/share/gennodejs/ros/vision_msgs/srv/GetCubes.js, /home/pc-proyecto/Manipulacion/catkin_ws/devel/share/gennodejs/ros/vision_msgs/srv/GetCubes.js)
Linked: (/home/pc-proyecto/Manipulacion/catkin_ws/devel/.private/vision_msgs/share/gennodejs/ros/vision_msgs/srv/GetPanoramic.js, /home/pc-proyecto/Manipulacion/catkin_ws/devel/share/gennodejs/ros/vision_msgs/srv/GetPanoramic.js)
Linked: (/home/pc-proyecto/Manipulacion/catkin_ws/devel/.private/vision_msgs/share/gennodejs/ros/vision_msgs/srv/DetectObjects.js, /home/pc-proyecto/Manipulacion/catkin_ws/devel/share/gennodejs/ros/vision_msgs/srv/DetectObjects.js)
Linked: (/home/pc-proyecto/Manipulacion/catkin_ws/devel/.private/vision_msgs/share/gennodejs/ros/vision_msgs/srv/RecognizeObject.js, /home/pc-proyecto/Manipulacion/catkin_ws/devel/share/gennodejs/ros/vision_msgs/srv/RecognizeObject.js)
Linked: (/home/pc-proyecto/Manipulacion/catkin_ws/devel/.private/vision_msgs/share/gennodejs/ros/vision_msgs/srv/_index.js, /home/pc-proyecto/Manipulacion/catkin_ws/devel/share/gennodejs/ros/vision_msgs/srv/_index.js)
Linked: (/home/pc-proyecto/Manipulacion/catkin_ws/devel/.private/vision_msgs/share/gennodejs/ros/vision_msgs/srv/DetectGripper.js, /home/pc-proyecto/Manipulacion/catkin_ws/devel/share/gennodejs/ros/vision_msgs/srv/DetectGripper.js)
Linked: (/home/pc-proyecto/Manipulacion/catkin_ws/devel/.private/vision_msgs/share/gennodejs/ros/vision_msgs/srv/FindWaving.js, /home/pc-proyecto/Manipulacion/catkin_ws/devel/share/gennodejs/ros/vision_msgs/srv/FindWaving.js)
Linked: (/home/pc-proyecto/Manipulacion/catkin_ws/devel/.private/vision_msgs/share/gennodejs/ros/vision_msgs/srv/FindPlane.js, /home/pc-proyecto/Manipulacion/catkin_ws/devel/share/gennodejs/ros/vision_msgs/srv/FindPlane.js)
Linked: (/home/pc-proyecto/Manipulacion/catkin_ws/devel/.private/vision_msgs/share/gennodejs/ros/vision_msgs/srv/RecognizeObjects.js, /home/pc-proyecto/Manipulacion/catkin_ws/devel/share/gennodejs/ros/vision_msgs/srv/RecognizeObjects.js)
Linked: (/home/pc-proyecto/Manipulacion/catkin_ws/devel/.private/vision_msgs/share/gennodejs/ros/vision_msgs/srv/GetThermalAngle.js, /home/pc-proyecto/Manipulacion/catkin_ws/devel/share/gennodejs/ros/vision_msgs/srv/GetThermalAngle.js)
Linked: (/home/pc-proyecto/Manipulacion/catkin_ws/devel/.private/vision_msgs/share/gennodejs/ros/vision_msgs/srv/GetFacesFromImage.js, /home/pc-proyecto/Manipulacion/catkin_ws/devel/share/gennodejs/ros/vision_msgs/srv/GetFacesFromImage.js)
Linked: (/home/pc-proyecto/Manipulacion/catkin_ws/devel/.private/vision_msgs/share/gennodejs/ros/vision_msgs/msg/VisionObjectList.js, /home/pc-proyecto/Manipulacion/catkin_ws/devel/share/gennodejs/ros/vision_msgs/msg/VisionObjectList.js)
Linked: (/home/pc-proyecto/Manipulacion/catkin_ws/devel/.private/vision_msgs/share/gennodejs/ros/vision_msgs/msg/Skeleton.js, /home/pc-proyecto/Manipulacion/catkin_ws/devel/share/gennodejs/ros/vision_msgs/msg/Skeleton.js)
Linked: (/home/pc-proyecto/Manipulacion/catkin_ws/devel/.private/vision_msgs/share/gennodejs/ros/vision_msgs/msg/Skeletons.js, /home/pc-proyecto/Manipulacion/catkin_ws/devel/share/gennodejs/ros/vision_msgs/msg/Skeletons.js)
Linked: (/home/pc-proyecto/Manipulacion/catkin_ws/devel/.private/vision_msgs/share/gennodejs/ros/vision_msgs/msg/SkeletonJoint.js, /home/pc-proyecto/Manipulacion/catkin_ws/devel/share/gennodejs/ros/vision_msgs/msg/SkeletonJoint.js)
Linked: (/home/pc-proyecto/Manipulacion/catkin_ws/devel/.private/vision_msgs/share/gennodejs/ros/vision_msgs/msg/GestureSkeleton.js, /home/pc-proyecto/Manipulacion/catkin_ws/devel/share/gennodejs/ros/vision_msgs/msg/GestureSkeleton.js)
Linked: (/home/pc-proyecto/Manipulacion/catkin_ws/devel/.private/vision_msgs/share/gennodejs/ros/vision_msgs/msg/TrackedObject.js, /home/pc-proyecto/Manipulacion/catkin_ws/devel/share/gennodejs/ros/vision_msgs/msg/TrackedObject.js)
Linked: (/home/pc-proyecto/Manipulacion/catkin_ws/devel/.private/vision_msgs/share/gennodejs/ros/vision_msgs/msg/Cube.js, /home/pc-proyecto/Manipulacion/catkin_ws/devel/share/gennodejs/ros/vision_msgs/msg/Cube.js)
Linked: (/home/pc-proyecto/Manipulacion/catkin_ws/devel/.private/vision_msgs/share/gennodejs/ros/vision_msgs/msg/VisionPlane.js, /home/pc-proyecto/Manipulacion/catkin_ws/devel/share/gennodejs/ros/vision_msgs/msg/VisionPlane.js)
Linked: (/home/pc-proyecto/Manipulacion/catkin_ws/devel/.private/vision_msgs/share/gennodejs/ros/vision_msgs/msg/VisionFaceObject.js, /home/pc-proyecto/Manipulacion/catkin_ws/devel/share/gennodejs/ros/vision_msgs/msg/VisionFaceObject.js)
Linked: (/home/pc-proyecto/Manipulacion/catkin_ws/devel/.private/vision_msgs/share/gennodejs/ros/vision_msgs/msg/GestureSkeletons.js, /home/pc-proyecto/Manipulacion/catkin_ws/devel/share/gennodejs/ros/vision_msgs/msg/GestureSkeletons.js)
Linked: (/home/pc-proyecto/Manipulacion/catkin_ws/devel/.private/vision_msgs/share/gennodejs/ros/vision_msgs/msg/_index.js, /home/pc-proyecto/Manipulacion/catkin_ws/devel/share/gennodejs/ros/vision_msgs/msg/_index.js)
Linked: (/home/pc-proyecto/Manipulacion/catkin_ws/devel/.private/vision_msgs/share/gennodejs/ros/vision_msgs/msg/HandSkeletonPos.js, /home/pc-proyecto/Manipulacion/catkin_ws/devel/share/gennodejs/ros/vision_msgs/msg/HandSkeletonPos.js)
Linked: (/home/pc-proyecto/Manipulacion/catkin_ws/devel/.private/vision_msgs/share/gennodejs/ros/vision_msgs/msg/VisionFaceTrainObject.js, /home/pc-proyecto/Manipulacion/catkin_ws/devel/share/gennodejs/ros/vision_msgs/msg/VisionFaceTrainObject.js)
Linked: (/home/pc-proyecto/Manipulacion/catkin_ws/devel/.private/vision_msgs/share/gennodejs/ros/vision_msgs/msg/CubesSegmented.js, /home/pc-proyecto/Manipulacion/catkin_ws/devel/share/gennodejs/ros/vision_msgs/msg/CubesSegmented.js)
Linked: (/home/pc-proyecto/Manipulacion/catkin_ws/devel/.private/vision_msgs/share/gennodejs/ros/vision_msgs/msg/VisionObject.js, /home/pc-proyecto/Manipulacion/catkin_ws/devel/share/gennodejs/ros/vision_msgs/msg/VisionObject.js)
Linked: (/home/pc-proyecto/Manipulacion/catkin_ws/devel/.private/vision_msgs/share/gennodejs/ros/vision_msgs/msg/VisionFaceObjects.js, /home/pc-proyecto/Manipulacion/catkin_ws/devel/share/gennodejs/ros/vision_msgs/msg/VisionFaceObjects.js)
Linked: (/home/pc-proyecto/Manipulacion/catkin_ws/devel/.private/vision_msgs/share/gennodejs/ros/vision_msgs/msg/VisionRect.js, /home/pc-proyecto/Manipulacion/catkin_ws/devel/share/gennodejs/ros/vision_msgs/msg/VisionRect.js)
Linked: (/home/pc-proyecto/Manipulacion/catkin_ws/devel/.private/vision_msgs/include/vision_msgs/TrainObjectResponse.h, /home/pc-proyecto/Manipulacion/catkin_ws/devel/include/vision_msgs/TrainObjectResponse.h)
Linked: (/home/pc-proyecto/Manipulacion/catkin_ws/devel/.private/vision_msgs/include/vision_msgs/GestureSkeletons.h, /home/pc-proyecto/Manipulacion/catkin_ws/devel/include/vision_msgs/GestureSkeletons.h)
Linked: (/home/pc-proyecto/Manipulacion/catkin_ws/devel/.private/vision_msgs/include/vision_msgs/HandSkeletonPos.h, /home/pc-proyecto/Manipulacion/catkin_ws/devel/include/vision_msgs/HandSkeletonPos.h)
Linked: (/home/pc-proyecto/Manipulacion/catkin_ws/devel/.private/vision_msgs/include/vision_msgs/FindLines.h, /home/pc-proyecto/Manipulacion/catkin_ws/devel/include/vision_msgs/FindLines.h)
Linked: (/home/pc-proyecto/Manipulacion/catkin_ws/devel/.private/vision_msgs/include/vision_msgs/Cube.h, /home/pc-proyecto/Manipulacion/catkin_ws/devel/include/vision_msgs/Cube.h)
Linked: (/home/pc-proyecto/Manipulacion/catkin_ws/devel/.private/vision_msgs/include/vision_msgs/GetCubesRequest.h, /home/pc-proyecto/Manipulacion/catkin_ws/devel/include/vision_msgs/GetCubesRequest.h)
Linked: (/home/pc-proyecto/Manipulacion/catkin_ws/devel/.private/vision_msgs/include/vision_msgs/VisionObjectList.h, /home/pc-proyecto/Manipulacion/catkin_ws/devel/include/vision_msgs/VisionObjectList.h)
Linked: (/home/pc-proyecto/Manipulacion/catkin_ws/devel/.private/vision_msgs/include/vision_msgs/TrainObject.h, /home/pc-proyecto/Manipulacion/catkin_ws/devel/include/vision_msgs/TrainObject.h)
Linked: (/home/pc-proyecto/Manipulacion/catkin_ws/devel/.private/vision_msgs/include/vision_msgs/CubesSegmented.h, /home/pc-proyecto/Manipulacion/catkin_ws/devel/include/vision_msgs/CubesSegmented.h)
Linked: (/home/pc-proyecto/Manipulacion/catkin_ws/devel/.private/vision_msgs/include/vision_msgs/GetFacesFromImage.h, /home/pc-proyecto/Manipulacion/catkin_ws/devel/include/vision_msgs/GetFacesFromImage.h)
Linked: (/home/pc-proyecto/Manipulacion/catkin_ws/devel/.private/vision_msgs/include/vision_msgs/FindPlaneRequest.h, /home/pc-proyecto/Manipulacion/catkin_ws/devel/include/vision_msgs/FindPlaneRequest.h)
Linked: (/home/pc-proyecto/Manipulacion/catkin_ws/devel/.private/vision_msgs/include/vision_msgs/FindWavingResponse.h, /home/pc-proyecto/Manipulacion/catkin_ws/devel/include/vision_msgs/FindWavingResponse.h)
Linked: (/home/pc-proyecto/Manipulacion/catkin_ws/devel/.private/vision_msgs/include/vision_msgs/FaceRecognitionRequest.h, /home/pc-proyecto/Manipulacion/catkin_ws/devel/include/vision_msgs/FaceRecognitionRequest.h)
Linked: (/home/pc-proyecto/Manipulacion/catkin_ws/devel/.private/vision_msgs/include/vision_msgs/SkeletonJoint.h, /home/pc-proyecto/Manipulacion/catkin_ws/devel/include/vision_msgs/SkeletonJoint.h)
Linked: (/home/pc-proyecto/Manipulacion/catkin_ws/devel/.private/vision_msgs/include/vision_msgs/DetectObjects.h, /home/pc-proyecto/Manipulacion/catkin_ws/devel/include/vision_msgs/DetectObjects.h)
Linked: (/home/pc-proyecto/Manipulacion/catkin_ws/devel/.private/vision_msgs/include/vision_msgs/GetPanoramicResponse.h, /home/pc-proyecto/Manipulacion/catkin_ws/devel/include/vision_msgs/GetPanoramicResponse.h)
Linked: (/home/pc-proyecto/Manipulacion/catkin_ws/devel/.private/vision_msgs/include/vision_msgs/Skeleton.h, /home/pc-proyecto/Manipulacion/catkin_ws/devel/include/vision_msgs/Skeleton.h)
Linked: (/home/pc-proyecto/Manipulacion/catkin_ws/devel/.private/vision_msgs/include/vision_msgs/RecognizeObjectsRequest.h, /home/pc-proyecto/Manipulacion/catkin_ws/devel/include/vision_msgs/RecognizeObjectsRequest.h)
Linked: (/home/pc-proyecto/Manipulacion/catkin_ws/devel/.private/vision_msgs/include/vision_msgs/RecognizeObjectResponse.h, /home/pc-proyecto/Manipulacion/catkin_ws/devel/include/vision_msgs/RecognizeObjectResponse.h)
Linked: (/home/pc-proyecto/Manipulacion/catkin_ws/devel/.private/vision_msgs/include/vision_msgs/GetFacesFromImageResponse.h, /home/pc-proyecto/Manipulacion/catkin_ws/devel/include/vision_msgs/GetFacesFromImageResponse.h)
Linked: (/home/pc-proyecto/Manipulacion/catkin_ws/devel/.private/vision_msgs/include/vision_msgs/DetectObjectsResponse.h, /home/pc-proyecto/Manipulacion/catkin_ws/devel/include/vision_msgs/DetectObjectsResponse.h)
Linked: (/home/pc-proyecto/Manipulacion/catkin_ws/devel/.private/vision_msgs/include/vision_msgs/FaceRecognition.h, /home/pc-proyecto/Manipulacion/catkin_ws/devel/include/vision_msgs/FaceRecognition.h)
Linked: (/home/pc-proyecto/Manipulacion/catkin_ws/devel/.private/vision_msgs/include/vision_msgs/RecognizeObject.h, /home/pc-proyecto/Manipulacion/catkin_ws/devel/include/vision_msgs/RecognizeObject.h)
Linked: (/home/pc-proyecto/Manipulacion/catkin_ws/devel/.private/vision_msgs/include/vision_msgs/GetFacesFromImageRequest.h, /home/pc-proyecto/Manipulacion/catkin_ws/devel/include/vision_msgs/GetFacesFromImageRequest.h)
Linked: (/home/pc-proyecto/Manipulacion/catkin_ws/devel/.private/vision_msgs/include/vision_msgs/DetectGripper.h, /home/pc-proyecto/Manipulacion/catkin_ws/devel/include/vision_msgs/DetectGripper.h)
Linked: (/home/pc-proyecto/Manipulacion/catkin_ws/devel/.private/vision_msgs/include/vision_msgs/RecognizeObjectRequest.h, /home/pc-proyecto/Manipulacion/catkin_ws/devel/include/vision_msgs/RecognizeObjectRequest.h)
Linked: (/home/pc-proyecto/Manipulacion/catkin_ws/devel/.private/vision_msgs/include/vision_msgs/GetCubes.h, /home/pc-proyecto/Manipulacion/catkin_ws/devel/include/vision_msgs/GetCubes.h)
Linked: (/home/pc-proyecto/Manipulacion/catkin_ws/devel/.private/vision_msgs/include/vision_msgs/DetectObjectsRequest.h, /home/pc-proyecto/Manipulacion/catkin_ws/devel/include/vision_msgs/DetectObjectsRequest.h)
Linked: (/home/pc-proyecto/Manipulacion/catkin_ws/devel/.private/vision_msgs/include/vision_msgs/FindPlaneResponse.h, /home/pc-proyecto/Manipulacion/catkin_ws/devel/include/vision_msgs/FindPlaneResponse.h)
Linked: (/home/pc-proyecto/Manipulacion/catkin_ws/devel/.private/vision_msgs/include/vision_msgs/VisionFaceObjects.h, /home/pc-proyecto/Manipulacion/catkin_ws/devel/include/vision_msgs/VisionFaceObjects.h)
Linked: (/home/pc-proyecto/Manipulacion/catkin_ws/devel/.private/vision_msgs/include/vision_msgs/VisionRect.h, /home/pc-proyecto/Manipulacion/catkin_ws/devel/include/vision_msgs/VisionRect.h)
Linked: (/home/pc-proyecto/Manipulacion/catkin_ws/devel/.private/vision_msgs/include/vision_msgs/TrackedObject.h, /home/pc-proyecto/Manipulacion/catkin_ws/devel/include/vision_msgs/TrackedObject.h)
Linked: (/home/pc-proyecto/Manipulacion/catkin_ws/devel/.private/vision_msgs/include/vision_msgs/VisionObject.h, /home/pc-proyecto/Manipulacion/catkin_ws/devel/include/vision_msgs/VisionObject.h)
Linked: (/home/pc-proyecto/Manipulacion/catkin_ws/devel/.private/vision_msgs/include/vision_msgs/TrainObjectRequest.h, /home/pc-proyecto/Manipulacion/catkin_ws/devel/include/vision_msgs/TrainObjectRequest.h)
Linked: (/home/pc-proyecto/Manipulacion/catkin_ws/devel/.private/vision_msgs/include/vision_msgs/FindLinesResponse.h, /home/pc-proyecto/Manipulacion/catkin_ws/devel/include/vision_msgs/FindLinesResponse.h)
Linked: (/home/pc-proyecto/Manipulacion/catkin_ws/devel/.private/vision_msgs/include/vision_msgs/VisionFaceTrainObject.h, /home/pc-proyecto/Manipulacion/catkin_ws/devel/include/vision_msgs/VisionFaceTrainObject.h)
Linked: (/home/pc-proyecto/Manipulacion/catkin_ws/devel/.private/vision_msgs/include/vision_msgs/GestureSkeleton.h, /home/pc-proyecto/Manipulacion/catkin_ws/devel/include/vision_msgs/GestureSkeleton.h)
Linked: (/home/pc-proyecto/Manipulacion/catkin_ws/devel/.private/vision_msgs/include/vision_msgs/VisionFaceObject.h, /home/pc-proyecto/Manipulacion/catkin_ws/devel/include/vision_msgs/VisionFaceObject.h)
Linked: (/home/pc-proyecto/Manipulacion/catkin_ws/devel/.private/vision_msgs/include/vision_msgs/Skeletons.h, /home/pc-proyecto/Manipulacion/catkin_ws/devel/include/vision_msgs/Skeletons.h)
Linked: (/home/pc-proyecto/Manipulacion/catkin_ws/devel/.private/vision_msgs/include/vision_msgs/FindPlane.h, /home/pc-proyecto/Manipulacion/catkin_ws/devel/include/vision_msgs/FindPlane.h)
Linked: (/home/pc-proyecto/Manipulacion/catkin_ws/devel/.private/vision_msgs/include/vision_msgs/FindWaving.h, /home/pc-proyecto/Manipulacion/catkin_ws/devel/include/vision_msgs/FindWaving.h)
Linked: (/home/pc-proyecto/Manipulacion/catkin_ws/devel/.private/vision_msgs/include/vision_msgs/GetThermalAngle.h, /home/pc-proyecto/Manipulacion/catkin_ws/devel/include/vision_msgs/GetThermalAngle.h)
Linked: (/home/pc-proyecto/Manipulacion/catkin_ws/devel/.private/vision_msgs/include/vision_msgs/DetectGripperRequest.h, /home/pc-proyecto/Manipulacion/catkin_ws/devel/include/vision_msgs/DetectGripperRequest.h)
Linked: (/home/pc-proyecto/Manipulacion/catkin_ws/devel/.private/vision_msgs/include/vision_msgs/GetPanoramic.h, /home/pc-proyecto/Manipulacion/catkin_ws/devel/include/vision_msgs/GetPanoramic.h)
Linked: (/home/pc-proyecto/Manipulacion/catkin_ws/devel/.private/vision_msgs/include/vision_msgs/FindLinesRequest.h, /home/pc-proyecto/Manipulacion/catkin_ws/devel/include/vision_msgs/FindLinesRequest.h)
Linked: (/home/pc-proyecto/Manipulacion/catkin_ws/devel/.private/vision_msgs/include/vision_msgs/RecognizeObjects.h, /home/pc-proyecto/Manipulacion/catkin_ws/devel/include/vision_msgs/RecognizeObjects.h)
Linked: (/home/pc-proyecto/Manipulacion/catkin_ws/devel/.private/vision_msgs/include/vision_msgs/DetectGripperResponse.h, /home/pc-proyecto/Manipulacion/catkin_ws/devel/include/vision_msgs/DetectGripperResponse.h)
Linked: (/home/pc-proyecto/Manipulacion/catkin_ws/devel/.private/vision_msgs/include/vision_msgs/GetThermalAngleResponse.h, /home/pc-proyecto/Manipulacion/catkin_ws/devel/include/vision_msgs/GetThermalAngleResponse.h)
Linked: (/home/pc-proyecto/Manipulacion/catkin_ws/devel/.private/vision_msgs/include/vision_msgs/VisionPlane.h, /home/pc-proyecto/Manipulacion/catkin_ws/devel/include/vision_msgs/VisionPlane.h)
Linked: (/home/pc-proyecto/Manipulacion/catkin_ws/devel/.private/vision_msgs/include/vision_msgs/GetThermalAngleRequest.h, /home/pc-proyecto/Manipulacion/catkin_ws/devel/include/vision_msgs/GetThermalAngleRequest.h)
Linked: (/home/pc-proyecto/Manipulacion/catkin_ws/devel/.private/vision_msgs/include/vision_msgs/GetCubesResponse.h, /home/pc-proyecto/Manipulacion/catkin_ws/devel/include/vision_msgs/GetCubesResponse.h)
Linked: (/home/pc-proyecto/Manipulacion/catkin_ws/devel/.private/vision_msgs/include/vision_msgs/FindWavingRequest.h, /home/pc-proyecto/Manipulacion/catkin_ws/devel/include/vision_msgs/FindWavingRequest.h)
Linked: (/home/pc-proyecto/Manipulacion/catkin_ws/devel/.private/vision_msgs/include/vision_msgs/RecognizeObjectsResponse.h, /home/pc-proyecto/Manipulacion/catkin_ws/devel/include/vision_msgs/RecognizeObjectsResponse.h)
Linked: (/home/pc-proyecto/Manipulacion/catkin_ws/devel/.private/vision_msgs/include/vision_msgs/GetPanoramicRequest.h, /home/pc-proyecto/Manipulacion/catkin_ws/devel/include/vision_msgs/GetPanoramicRequest.h)
Linked: (/home/pc-proyecto/Manipulacion/catkin_ws/devel/.private/vision_msgs/include/vision_msgs/FaceRecognitionResponse.h, /home/pc-proyecto/Manipulacion/catkin_ws/devel/include/vision_msgs/FaceRecognitionResponse.h)
