Determining if the pthread_create exist failed with the following output:
Change Dir: /home/pc-proyecto/Manipulacion/catkin_ws/build/kuka_kr6_support/CMakeFiles/CMakeTmp

Run Build Command:"/usr/bin/make" "cmTC_dfd99/fast"
/usr/bin/make -f CMakeFiles/cmTC_dfd99.dir/build.make CMakeFiles/cmTC_dfd99.dir/build
make[1]: se entra en el directorio '/home/pc-proyecto/Manipulacion/catkin_ws/build/kuka_kr6_support/CMakeFiles/CMakeTmp'
Building C object CMakeFiles/cmTC_dfd99.dir/CheckSymbolExists.c.o
/usr/bin/cc    -o CMakeFiles/cmTC_dfd99.dir/CheckSymbolExists.c.o   -c /home/pc-proyecto/Manipulacion/catkin_ws/build/kuka_kr6_support/CMakeFiles/CMakeTmp/CheckSymbolExists.c
Linking C executable cmTC_dfd99
/usr/bin/cmake -E cmake_link_script CMakeFiles/cmTC_dfd99.dir/link.txt --verbose=1
/usr/bin/cc      -rdynamic CMakeFiles/cmTC_dfd99.dir/CheckSymbolExists.c.o  -o cmTC_dfd99 
CMakeFiles/cmTC_dfd99.dir/CheckSymbolExists.c.o: En la función `main':
CheckSymbolExists.c:(.text+0x1b): referencia a `pthread_create' sin definir
collect2: error: ld returned 1 exit status
CMakeFiles/cmTC_dfd99.dir/build.make:97: fallo en las instrucciones para el objetivo 'cmTC_dfd99'
make[1]: *** [cmTC_dfd99] Error 1
make[1]: se sale del directorio '/home/pc-proyecto/Manipulacion/catkin_ws/build/kuka_kr6_support/CMakeFiles/CMakeTmp'
Makefile:126: fallo en las instrucciones para el objetivo 'cmTC_dfd99/fast'
make: *** [cmTC_dfd99/fast] Error 2

File /home/pc-proyecto/Manipulacion/catkin_ws/build/kuka_kr6_support/CMakeFiles/CMakeTmp/CheckSymbolExists.c:
/* */
#include <pthread.h>

int main(int argc, char** argv)
{
  (void)argv;
#ifndef pthread_create
  return ((int*)(&pthread_create))[argc];
#else
  (void)argc;
  return 0;
#endif
}

Determining if the function pthread_create exists in the pthreads failed with the following output:
Change Dir: /home/pc-proyecto/Manipulacion/catkin_ws/build/kuka_kr6_support/CMakeFiles/CMakeTmp

Run Build Command:"/usr/bin/make" "cmTC_bc09f/fast"
/usr/bin/make -f CMakeFiles/cmTC_bc09f.dir/build.make CMakeFiles/cmTC_bc09f.dir/build
make[1]: se entra en el directorio '/home/pc-proyecto/Manipulacion/catkin_ws/build/kuka_kr6_support/CMakeFiles/CMakeTmp'
Building C object CMakeFiles/cmTC_bc09f.dir/CheckFunctionExists.c.o
/usr/bin/cc   -DCHECK_FUNCTION_EXISTS=pthread_create   -o CMakeFiles/cmTC_bc09f.dir/CheckFunctionExists.c.o   -c /usr/share/cmake-3.10/Modules/CheckFunctionExists.c
Linking C executable cmTC_bc09f
/usr/bin/cmake -E cmake_link_script CMakeFiles/cmTC_bc09f.dir/link.txt --verbose=1
/usr/bin/cc  -DCHECK_FUNCTION_EXISTS=pthread_create    -rdynamic CMakeFiles/cmTC_bc09f.dir/CheckFunctionExists.c.o  -o cmTC_bc09f -lpthreads 
/usr/bin/ld: no se puede encontrar -lpthreads
collect2: error: ld returned 1 exit status
CMakeFiles/cmTC_bc09f.dir/build.make:97: fallo en las instrucciones para el objetivo 'cmTC_bc09f'
make[1]: *** [cmTC_bc09f] Error 1
make[1]: se sale del directorio '/home/pc-proyecto/Manipulacion/catkin_ws/build/kuka_kr6_support/CMakeFiles/CMakeTmp'
Makefile:126: fallo en las instrucciones para el objetivo 'cmTC_bc09f/fast'
make: *** [cmTC_bc09f/fast] Error 2


