Determining if the pthread_create exist failed with the following output:
Change Dir: /home/pc-proyecto/Manipulacion/catkin_ws/build/kinect2_registration/CMakeFiles/CMakeTmp

Run Build Command:"/usr/bin/make" "cmTC_cde79/fast"
/usr/bin/make -f CMakeFiles/cmTC_cde79.dir/build.make CMakeFiles/cmTC_cde79.dir/build
make[1]: se entra en el directorio '/home/pc-proyecto/Manipulacion/catkin_ws/build/kinect2_registration/CMakeFiles/CMakeTmp'
Building C object CMakeFiles/cmTC_cde79.dir/CheckSymbolExists.c.o
/usr/bin/cc    -o CMakeFiles/cmTC_cde79.dir/CheckSymbolExists.c.o   -c /home/pc-proyecto/Manipulacion/catkin_ws/build/kinect2_registration/CMakeFiles/CMakeTmp/CheckSymbolExists.c
Linking C executable cmTC_cde79
/usr/bin/cmake -E cmake_link_script CMakeFiles/cmTC_cde79.dir/link.txt --verbose=1
/usr/bin/cc      -rdynamic CMakeFiles/cmTC_cde79.dir/CheckSymbolExists.c.o  -o cmTC_cde79 
CMakeFiles/cmTC_cde79.dir/CheckSymbolExists.c.o: En la función `main':
CheckSymbolExists.c:(.text+0x1b): referencia a `pthread_create' sin definir
collect2: error: ld returned 1 exit status
CMakeFiles/cmTC_cde79.dir/build.make:97: fallo en las instrucciones para el objetivo 'cmTC_cde79'
make[1]: *** [cmTC_cde79] Error 1
make[1]: se sale del directorio '/home/pc-proyecto/Manipulacion/catkin_ws/build/kinect2_registration/CMakeFiles/CMakeTmp'
Makefile:126: fallo en las instrucciones para el objetivo 'cmTC_cde79/fast'
make: *** [cmTC_cde79/fast] Error 2

File /home/pc-proyecto/Manipulacion/catkin_ws/build/kinect2_registration/CMakeFiles/CMakeTmp/CheckSymbolExists.c:
/* */
#include <pthread.h>

int main(int argc, char** argv)
{
  (void)argv;
#ifndef pthread_create
  return ((int*)(&pthread_create))[argc];
#else
  (void)argc;
  return 0;
#endif
}

Determining if the function pthread_create exists in the pthreads failed with the following output:
Change Dir: /home/pc-proyecto/Manipulacion/catkin_ws/build/kinect2_registration/CMakeFiles/CMakeTmp

Run Build Command:"/usr/bin/make" "cmTC_91558/fast"
/usr/bin/make -f CMakeFiles/cmTC_91558.dir/build.make CMakeFiles/cmTC_91558.dir/build
make[1]: se entra en el directorio '/home/pc-proyecto/Manipulacion/catkin_ws/build/kinect2_registration/CMakeFiles/CMakeTmp'
Building C object CMakeFiles/cmTC_91558.dir/CheckFunctionExists.c.o
/usr/bin/cc   -DCHECK_FUNCTION_EXISTS=pthread_create   -o CMakeFiles/cmTC_91558.dir/CheckFunctionExists.c.o   -c /usr/share/cmake-3.10/Modules/CheckFunctionExists.c
Linking C executable cmTC_91558
/usr/bin/cmake -E cmake_link_script CMakeFiles/cmTC_91558.dir/link.txt --verbose=1
/usr/bin/cc  -DCHECK_FUNCTION_EXISTS=pthread_create    -rdynamic CMakeFiles/cmTC_91558.dir/CheckFunctionExists.c.o  -o cmTC_91558 -lpthreads 
/usr/bin/ld: no se puede encontrar -lpthreads
collect2: error: ld returned 1 exit status
CMakeFiles/cmTC_91558.dir/build.make:97: fallo en las instrucciones para el objetivo 'cmTC_91558'
make[1]: *** [cmTC_91558] Error 1
make[1]: se sale del directorio '/home/pc-proyecto/Manipulacion/catkin_ws/build/kinect2_registration/CMakeFiles/CMakeTmp'
Makefile:126: fallo en las instrucciones para el objetivo 'cmTC_91558/fast'
make: *** [cmTC_91558/fast] Error 2


