Determining if the pthread_create exist failed with the following output:
Change Dir: /home/pc-proyecto/Manipulacion/catkin_ws/build/kuka_kr210_support/CMakeFiles/CMakeTmp

Run Build Command:"/usr/bin/make" "cmTC_6f13b/fast"
/usr/bin/make -f CMakeFiles/cmTC_6f13b.dir/build.make CMakeFiles/cmTC_6f13b.dir/build
make[1]: se entra en el directorio '/home/pc-proyecto/Manipulacion/catkin_ws/build/kuka_kr210_support/CMakeFiles/CMakeTmp'
Building C object CMakeFiles/cmTC_6f13b.dir/CheckSymbolExists.c.o
/usr/bin/cc    -o CMakeFiles/cmTC_6f13b.dir/CheckSymbolExists.c.o   -c /home/pc-proyecto/Manipulacion/catkin_ws/build/kuka_kr210_support/CMakeFiles/CMakeTmp/CheckSymbolExists.c
Linking C executable cmTC_6f13b
/usr/bin/cmake -E cmake_link_script CMakeFiles/cmTC_6f13b.dir/link.txt --verbose=1
/usr/bin/cc      -rdynamic CMakeFiles/cmTC_6f13b.dir/CheckSymbolExists.c.o  -o cmTC_6f13b 
CMakeFiles/cmTC_6f13b.dir/CheckSymbolExists.c.o: En la función `main':
CheckSymbolExists.c:(.text+0x1b): referencia a `pthread_create' sin definir
collect2: error: ld returned 1 exit status
CMakeFiles/cmTC_6f13b.dir/build.make:97: fallo en las instrucciones para el objetivo 'cmTC_6f13b'
make[1]: *** [cmTC_6f13b] Error 1
make[1]: se sale del directorio '/home/pc-proyecto/Manipulacion/catkin_ws/build/kuka_kr210_support/CMakeFiles/CMakeTmp'
Makefile:126: fallo en las instrucciones para el objetivo 'cmTC_6f13b/fast'
make: *** [cmTC_6f13b/fast] Error 2

File /home/pc-proyecto/Manipulacion/catkin_ws/build/kuka_kr210_support/CMakeFiles/CMakeTmp/CheckSymbolExists.c:
/* */
#include <pthread.h>

int main(int argc, char** argv)
{
  (void)argv;
#ifndef pthread_create
  return ((int*)(&pthread_create))[argc];
#else
  (void)argc;
  return 0;
#endif
}

Determining if the function pthread_create exists in the pthreads failed with the following output:
Change Dir: /home/pc-proyecto/Manipulacion/catkin_ws/build/kuka_kr210_support/CMakeFiles/CMakeTmp

Run Build Command:"/usr/bin/make" "cmTC_6a6da/fast"
/usr/bin/make -f CMakeFiles/cmTC_6a6da.dir/build.make CMakeFiles/cmTC_6a6da.dir/build
make[1]: se entra en el directorio '/home/pc-proyecto/Manipulacion/catkin_ws/build/kuka_kr210_support/CMakeFiles/CMakeTmp'
Building C object CMakeFiles/cmTC_6a6da.dir/CheckFunctionExists.c.o
/usr/bin/cc   -DCHECK_FUNCTION_EXISTS=pthread_create   -o CMakeFiles/cmTC_6a6da.dir/CheckFunctionExists.c.o   -c /usr/share/cmake-3.10/Modules/CheckFunctionExists.c
Linking C executable cmTC_6a6da
/usr/bin/cmake -E cmake_link_script CMakeFiles/cmTC_6a6da.dir/link.txt --verbose=1
/usr/bin/cc  -DCHECK_FUNCTION_EXISTS=pthread_create    -rdynamic CMakeFiles/cmTC_6a6da.dir/CheckFunctionExists.c.o  -o cmTC_6a6da -lpthreads 
/usr/bin/ld: no se puede encontrar -lpthreads
collect2: error: ld returned 1 exit status
CMakeFiles/cmTC_6a6da.dir/build.make:97: fallo en las instrucciones para el objetivo 'cmTC_6a6da'
make[1]: *** [cmTC_6a6da] Error 1
make[1]: se sale del directorio '/home/pc-proyecto/Manipulacion/catkin_ws/build/kuka_kr210_support/CMakeFiles/CMakeTmp'
Makefile:126: fallo en las instrucciones para el objetivo 'cmTC_6a6da/fast'
make: *** [cmTC_6a6da/fast] Error 2


