Determining if the pthread_create exist failed with the following output:
Change Dir: /home/pc-proyecto/Manipulacion/catkin_ws/build/kinect2_viewer/CMakeFiles/CMakeTmp

Run Build Command:"/usr/bin/make" "cmTC_5ec25/fast"
/usr/bin/make -f CMakeFiles/cmTC_5ec25.dir/build.make CMakeFiles/cmTC_5ec25.dir/build
make[1]: se entra en el directorio '/home/pc-proyecto/Manipulacion/catkin_ws/build/kinect2_viewer/CMakeFiles/CMakeTmp'
Building C object CMakeFiles/cmTC_5ec25.dir/CheckSymbolExists.c.o
/usr/bin/cc    -o CMakeFiles/cmTC_5ec25.dir/CheckSymbolExists.c.o   -c /home/pc-proyecto/Manipulacion/catkin_ws/build/kinect2_viewer/CMakeFiles/CMakeTmp/CheckSymbolExists.c
Linking C executable cmTC_5ec25
/usr/bin/cmake -E cmake_link_script CMakeFiles/cmTC_5ec25.dir/link.txt --verbose=1
/usr/bin/cc      -rdynamic CMakeFiles/cmTC_5ec25.dir/CheckSymbolExists.c.o  -o cmTC_5ec25 
CMakeFiles/cmTC_5ec25.dir/CheckSymbolExists.c.o: En la función `main':
CheckSymbolExists.c:(.text+0x1b): referencia a `pthread_create' sin definir
collect2: error: ld returned 1 exit status
CMakeFiles/cmTC_5ec25.dir/build.make:97: fallo en las instrucciones para el objetivo 'cmTC_5ec25'
make[1]: *** [cmTC_5ec25] Error 1
make[1]: se sale del directorio '/home/pc-proyecto/Manipulacion/catkin_ws/build/kinect2_viewer/CMakeFiles/CMakeTmp'
Makefile:126: fallo en las instrucciones para el objetivo 'cmTC_5ec25/fast'
make: *** [cmTC_5ec25/fast] Error 2

File /home/pc-proyecto/Manipulacion/catkin_ws/build/kinect2_viewer/CMakeFiles/CMakeTmp/CheckSymbolExists.c:
/* */
#include <pthread.h>

int main(int argc, char** argv)
{
  (void)argv;
#ifndef pthread_create
  return ((int*)(&pthread_create))[argc];
#else
  (void)argc;
  return 0;
#endif
}

Determining if the function pthread_create exists in the pthreads failed with the following output:
Change Dir: /home/pc-proyecto/Manipulacion/catkin_ws/build/kinect2_viewer/CMakeFiles/CMakeTmp

Run Build Command:"/usr/bin/make" "cmTC_958a6/fast"
/usr/bin/make -f CMakeFiles/cmTC_958a6.dir/build.make CMakeFiles/cmTC_958a6.dir/build
make[1]: se entra en el directorio '/home/pc-proyecto/Manipulacion/catkin_ws/build/kinect2_viewer/CMakeFiles/CMakeTmp'
Building C object CMakeFiles/cmTC_958a6.dir/CheckFunctionExists.c.o
/usr/bin/cc   -DCHECK_FUNCTION_EXISTS=pthread_create   -o CMakeFiles/cmTC_958a6.dir/CheckFunctionExists.c.o   -c /usr/share/cmake-3.10/Modules/CheckFunctionExists.c
Linking C executable cmTC_958a6
/usr/bin/cmake -E cmake_link_script CMakeFiles/cmTC_958a6.dir/link.txt --verbose=1
/usr/bin/cc  -DCHECK_FUNCTION_EXISTS=pthread_create    -rdynamic CMakeFiles/cmTC_958a6.dir/CheckFunctionExists.c.o  -o cmTC_958a6 -lpthreads 
/usr/bin/ld: no se puede encontrar -lpthreads
collect2: error: ld returned 1 exit status
CMakeFiles/cmTC_958a6.dir/build.make:97: fallo en las instrucciones para el objetivo 'cmTC_958a6'
make[1]: *** [cmTC_958a6] Error 1
make[1]: se sale del directorio '/home/pc-proyecto/Manipulacion/catkin_ws/build/kinect2_viewer/CMakeFiles/CMakeTmp'
Makefile:126: fallo en las instrucciones para el objetivo 'cmTC_958a6/fast'
make: *** [cmTC_958a6/fast] Error 2


