Linked: (/home/pc-proyecto/Manipulacion/catkin_ws/devel/.private/point_cloud_manager/lib/point_cloud_manager/point_cloud_man_node, /home/pc-proyecto/Manipulacion/catkin_ws/devel/lib/point_cloud_manager/point_cloud_man_node)
Linked: (/home/pc-proyecto/Manipulacion/catkin_ws/devel/.private/point_cloud_manager/lib/python2.7/dist-packages/point_cloud_manager/__init__.py, /home/pc-proyecto/Manipulacion/catkin_ws/devel/lib/python2.7/dist-packages/point_cloud_manager/__init__.py)
Linked: (/home/pc-proyecto/Manipulacion/catkin_ws/devel/.private/point_cloud_manager/lib/python2.7/dist-packages/point_cloud_manager/srv/__init__.py, /home/pc-proyecto/Manipulacion/catkin_ws/devel/lib/python2.7/dist-packages/point_cloud_manager/srv/__init__.py)
Linked: (/home/pc-proyecto/Manipulacion/catkin_ws/devel/.private/point_cloud_manager/lib/python2.7/dist-packages/point_cloud_manager/srv/_GetRgbd.py, /home/pc-proyecto/Manipulacion/catkin_ws/devel/lib/python2.7/dist-packages/point_cloud_manager/srv/_GetRgbd.py)
Linked: (/home/pc-proyecto/Manipulacion/catkin_ws/devel/.private/point_cloud_manager/lib/pkgconfig/point_cloud_manager.pc, /home/pc-proyecto/Manipulacion/catkin_ws/devel/lib/pkgconfig/point_cloud_manager.pc)
Linked: (/home/pc-proyecto/Manipulacion/catkin_ws/devel/.private/point_cloud_manager/share/common-lisp/ros/point_cloud_manager/srv/_package.lisp, /home/pc-proyecto/Manipulacion/catkin_ws/devel/share/common-lisp/ros/point_cloud_manager/srv/_package.lisp)
Linked: (/home/pc-proyecto/Manipulacion/catkin_ws/devel/.private/point_cloud_manager/share/common-lisp/ros/point_cloud_manager/srv/GetRgbd.lisp, /home/pc-proyecto/Manipulacion/catkin_ws/devel/share/common-lisp/ros/point_cloud_manager/srv/GetRgbd.lisp)
Linked: (/home/pc-proyecto/Manipulacion/catkin_ws/devel/.private/point_cloud_manager/share/common-lisp/ros/point_cloud_manager/srv/point_cloud_manager-srv.asd, /home/pc-proyecto/Manipulacion/catkin_ws/devel/share/common-lisp/ros/point_cloud_manager/srv/point_cloud_manager-srv.asd)
Linked: (/home/pc-proyecto/Manipulacion/catkin_ws/devel/.private/point_cloud_manager/share/common-lisp/ros/point_cloud_manager/srv/_package_GetRgbd.lisp, /home/pc-proyecto/Manipulacion/catkin_ws/devel/share/common-lisp/ros/point_cloud_manager/srv/_package_GetRgbd.lisp)
Linked: (/home/pc-proyecto/Manipulacion/catkin_ws/devel/.private/point_cloud_manager/share/point_cloud_manager/cmake/point_cloud_managerConfig-version.cmake, /home/pc-proyecto/Manipulacion/catkin_ws/devel/share/point_cloud_manager/cmake/point_cloud_managerConfig-version.cmake)
Linked: (/home/pc-proyecto/Manipulacion/catkin_ws/devel/.private/point_cloud_manager/share/point_cloud_manager/cmake/point_cloud_manager-msg-extras.cmake, /home/pc-proyecto/Manipulacion/catkin_ws/devel/share/point_cloud_manager/cmake/point_cloud_manager-msg-extras.cmake)
Linked: (/home/pc-proyecto/Manipulacion/catkin_ws/devel/.private/point_cloud_manager/share/point_cloud_manager/cmake/point_cloud_manager-msg-paths.cmake, /home/pc-proyecto/Manipulacion/catkin_ws/devel/share/point_cloud_manager/cmake/point_cloud_manager-msg-paths.cmake)
Linked: (/home/pc-proyecto/Manipulacion/catkin_ws/devel/.private/point_cloud_manager/share/point_cloud_manager/cmake/point_cloud_managerConfig.cmake, /home/pc-proyecto/Manipulacion/catkin_ws/devel/share/point_cloud_manager/cmake/point_cloud_managerConfig.cmake)
Linked: (/home/pc-proyecto/Manipulacion/catkin_ws/devel/.private/point_cloud_manager/share/roseus/ros/point_cloud_manager/manifest.l, /home/pc-proyecto/Manipulacion/catkin_ws/devel/share/roseus/ros/point_cloud_manager/manifest.l)
Linked: (/home/pc-proyecto/Manipulacion/catkin_ws/devel/.private/point_cloud_manager/share/roseus/ros/point_cloud_manager/srv/GetRgbd.l, /home/pc-proyecto/Manipulacion/catkin_ws/devel/share/roseus/ros/point_cloud_manager/srv/GetRgbd.l)
Linked: (/home/pc-proyecto/Manipulacion/catkin_ws/devel/.private/point_cloud_manager/share/gennodejs/ros/point_cloud_manager/_index.js, /home/pc-proyecto/Manipulacion/catkin_ws/devel/share/gennodejs/ros/point_cloud_manager/_index.js)
Linked: (/home/pc-proyecto/Manipulacion/catkin_ws/devel/.private/point_cloud_manager/share/gennodejs/ros/point_cloud_manager/srv/_index.js, /home/pc-proyecto/Manipulacion/catkin_ws/devel/share/gennodejs/ros/point_cloud_manager/srv/_index.js)
Linked: (/home/pc-proyecto/Manipulacion/catkin_ws/devel/.private/point_cloud_manager/share/gennodejs/ros/point_cloud_manager/srv/GetRgbd.js, /home/pc-proyecto/Manipulacion/catkin_ws/devel/share/gennodejs/ros/point_cloud_manager/srv/GetRgbd.js)
Linked: (/home/pc-proyecto/Manipulacion/catkin_ws/devel/.private/point_cloud_manager/include/point_cloud_manager/GetRgbdResponse.h, /home/pc-proyecto/Manipulacion/catkin_ws/devel/include/point_cloud_manager/GetRgbdResponse.h)
Linked: (/home/pc-proyecto/Manipulacion/catkin_ws/devel/.private/point_cloud_manager/include/point_cloud_manager/GetRgbd.h, /home/pc-proyecto/Manipulacion/catkin_ws/devel/include/point_cloud_manager/GetRgbd.h)
Linked: (/home/pc-proyecto/Manipulacion/catkin_ws/devel/.private/point_cloud_manager/include/point_cloud_manager/GetRgbdRequest.h, /home/pc-proyecto/Manipulacion/catkin_ws/devel/include/point_cloud_manager/GetRgbdRequest.h)
