In file included from [01m[K/home/pc-proyecto/Manipulacion/catkin_ws/src/tools/point_cloud_manager/src/PcManNode.h:9:0[m[K,
                 from [01m[K/home/pc-proyecto/Manipulacion/catkin_ws/src/tools/point_cloud_manager/src/point_cloud_man_node.cpp:3[m[K:
[01m[K/usr/include/pcl-1.8/pcl/visualization/cloud_viewer.h:202:14:[m[K [01;35m[Kwarning: [m[K‘[01m[Ktemplate<class> class std::auto_ptr[m[K’ is deprecated [[01;35m[K-Wdeprecated-declarations[m[K]
         std::[01;35m[Kauto_ptr[m[K<CloudViewer_impl> impl_;
              [01;35m[K^~~~~~~~[m[K
In file included from [01m[K/usr/include/c++/7/bits/locale_conv.h:41:0[m[K,
                 from [01m[K/usr/include/c++/7/locale:43[m[K,
                 from [01m[K/usr/include/boost/filesystem/path_traits.hpp:29[m[K,
                 from [01m[K/usr/include/boost/filesystem/path.hpp:25[m[K,
                 from [01m[K/home/pc-proyecto/Manipulacion/catkin_ws/src/tools/point_cloud_manager/src/point_cloud_man_node.cpp:2[m[K:
[01m[K/usr/include/c++/7/bits/unique_ptr.h:51:28:[m[K [01;36m[Knote: [m[Kdeclared here
   template<typename> class [01;36m[Kauto_ptr[m[K;
                            [01;36m[K^~~~~~~~[m[K
In file included from [01m[K/home/pc-proyecto/Manipulacion/catkin_ws/src/tools/point_cloud_manager/src/PcManNode.h:9:0[m[K,
                 from [01m[K/home/pc-proyecto/Manipulacion/catkin_ws/src/tools/point_cloud_manager/src/PcManNode.cpp:1[m[K:
[01m[K/usr/include/pcl-1.8/pcl/visualization/cloud_viewer.h:202:14:[m[K [01;35m[Kwarning: [m[K‘[01m[Ktemplate<class> class std::auto_ptr[m[K’ is deprecated [[01;35m[K-Wdeprecated-declarations[m[K]
         std::[01;35m[Kauto_ptr[m[K<CloudViewer_impl> impl_;
              [01;35m[K^~~~~~~~[m[K
In file included from [01m[K/usr/include/c++/7/memory:80:0[m[K,
                 from [01m[K/usr/include/boost/config/no_tr1/memory.hpp:21[m[K,
                 from [01m[K/usr/include/boost/smart_ptr/shared_ptr.hpp:23[m[K,
                 from [01m[K/usr/include/boost/shared_ptr.hpp:17[m[K,
                 from [01m[K/usr/include/boost/date_time/time_clock.hpp:17[m[K,
                 from [01m[K/usr/include/boost/thread/thread_time.hpp:9[m[K,
                 from [01m[K/usr/include/boost/thread/lock_types.hpp:18[m[K,
                 from [01m[K/usr/include/boost/thread/pthread/mutex.hpp:16[m[K,
                 from [01m[K/usr/include/boost/thread/mutex.hpp:16[m[K,
                 from [01m[K/usr/include/pcl-1.8/pcl/io/boost.h:49[m[K,
                 from [01m[K/usr/include/pcl-1.8/pcl/io/openni_grabber.h:46[m[K,
                 from [01m[K/home/pc-proyecto/Manipulacion/catkin_ws/src/tools/point_cloud_manager/src/PcManNode.h:4[m[K,
                 from [01m[K/home/pc-proyecto/Manipulacion/catkin_ws/src/tools/point_cloud_manager/src/PcManNode.cpp:1[m[K:
[01m[K/usr/include/c++/7/bits/unique_ptr.h:51:28:[m[K [01;36m[Knote: [m[Kdeclared here
   template<typename> class [01;36m[Kauto_ptr[m[K;
                            [01;36m[K^~~~~~~~[m[K
