Symlinking /home/pc-proyecto/Manipulacion/catkin_ws/devel/lib/point_cloud_manager/point_cloud_man_node
Symlinking /home/pc-proyecto/Manipulacion/catkin_ws/devel/lib/python2.7/dist-packages/point_cloud_manager/__init__.py
Symlinking /home/pc-proyecto/Manipulacion/catkin_ws/devel/lib/python2.7/dist-packages/point_cloud_manager/srv/__init__.py
Symlinking /home/pc-proyecto/Manipulacion/catkin_ws/devel/lib/python2.7/dist-packages/point_cloud_manager/srv/_GetRgbd.py
Symlinking /home/pc-proyecto/Manipulacion/catkin_ws/devel/lib/pkgconfig/point_cloud_manager.pc
Symlinking /home/pc-proyecto/Manipulacion/catkin_ws/devel/share/common-lisp/ros/point_cloud_manager/srv/_package.lisp
Symlinking /home/pc-proyecto/Manipulacion/catkin_ws/devel/share/common-lisp/ros/point_cloud_manager/srv/GetRgbd.lisp
Symlinking /home/pc-proyecto/Manipulacion/catkin_ws/devel/share/common-lisp/ros/point_cloud_manager/srv/point_cloud_manager-srv.asd
Symlinking /home/pc-proyecto/Manipulacion/catkin_ws/devel/share/common-lisp/ros/point_cloud_manager/srv/_package_GetRgbd.lisp
Symlinking /home/pc-proyecto/Manipulacion/catkin_ws/devel/share/point_cloud_manager/cmake/point_cloud_managerConfig-version.cmake
Symlinking /home/pc-proyecto/Manipulacion/catkin_ws/devel/share/point_cloud_manager/cmake/point_cloud_manager-msg-extras.cmake
Symlinking /home/pc-proyecto/Manipulacion/catkin_ws/devel/share/point_cloud_manager/cmake/point_cloud_manager-msg-paths.cmake
Symlinking /home/pc-proyecto/Manipulacion/catkin_ws/devel/share/point_cloud_manager/cmake/point_cloud_managerConfig.cmake
Symlinking /home/pc-proyecto/Manipulacion/catkin_ws/devel/share/roseus/ros/point_cloud_manager/manifest.l
Symlinking /home/pc-proyecto/Manipulacion/catkin_ws/devel/share/roseus/ros/point_cloud_manager/srv/GetRgbd.l
Symlinking /home/pc-proyecto/Manipulacion/catkin_ws/devel/share/gennodejs/ros/point_cloud_manager/_index.js
Symlinking /home/pc-proyecto/Manipulacion/catkin_ws/devel/share/gennodejs/ros/point_cloud_manager/srv/_index.js
Symlinking /home/pc-proyecto/Manipulacion/catkin_ws/devel/share/gennodejs/ros/point_cloud_manager/srv/GetRgbd.js
Symlinking /home/pc-proyecto/Manipulacion/catkin_ws/devel/include/point_cloud_manager/GetRgbdResponse.h
Symlinking /home/pc-proyecto/Manipulacion/catkin_ws/devel/include/point_cloud_manager/GetRgbd.h
Symlinking /home/pc-proyecto/Manipulacion/catkin_ws/devel/include/point_cloud_manager/GetRgbdRequest.h
